Removed Pin From Net: NetName=GND Pin=B1-1
Removed Pin From Net: NetName=GND Pin=B1-2
Removed Pin From Net: NetName=GND Pin=B1-3
Removed Pin From Net: NetName=GND Pin=B1-4
Removed Pin From Net: NetName=GND Pin=B1-5
Removed Pin From Net: NetName=GND Pin=B1-6
Removed Pin From Net: NetName=24V Pin=B1-7
Removed Pin From Net: NetName=24V Pin=B1-8
Removed Pin From Net: NetName=24V Pin=B1-9
Removed Pin From Net: NetName=GND Pin=B1-13
Removed Pin From Net: NetName=GND Pin=B1-14
Removed Pin From Net: NetName=GND Pin=B1-15
Removed Pin From Net: NetName=GND Pin=B1-16
Removed Pin From Net: NetName=GND Pin=B1-17
Removed Pin From Net: NetName=GND Pin=B1-18
Removed Pin From Net: NetName=NetC18_2 Pin=D8-1
Removed Member From Class: ClassName=Boostconverter Member=B1
Change Component Footprint: Designator=D8 Old Footprint=DIOAD2855W132L835D505 New Footprint=SB3H100-E3/54GICT-ND
Change component parameters: Designator = "D8" ("D8"); Footprint = "DIOAD2855W132L835D505"; UniqueID = "\PXXEMXCX" ("\PXXEMXCX")
Added Component: Designator=H1(M4 Hole)
Added Component: Designator=H2(M4 Hole)
Added Component: Designator=H3(M4 Hole)
Added Component: Designator=H4(M4 Hole)
Added Component: Designator=L1(B66364B1016T001)
Add component (AddParameter): Name = "Arrow Part Number"; Value = "B66364B1016T001"; VariantName = "[No Variations]"
Add component (AddParameter): Name = "Arrow Price/Stock"; Value = "https://www.arrow.com/en/products/b66364b1016t001/epcos-tdk?region=europe"; VariantName = "[No Variations]"
Add component (AddParameter): Name = "Datasheet Link"; Value = "https://product.tdk.com/system/files/dam/doc/product/ferrite/ferrite/ferrite-acc/data_sheet/80/db/fer/etd_39_20_13.pdf"; VariantName = "[No Variations]"
Add component (AddParameter): Name = "Height"; Value = "35.5mm"; VariantName = "[No Variations]"
Add component (AddParameter): Name = "Manufacturer_Name"; Value = "TDK"; VariantName = "[No Variations]"
Add component (AddParameter): Name = "Manufacturer_Part_Number"; Value = "B66364B1016T001"; VariantName = "[No Variations]"
Add component (AddParameter): Name = "Mouser Part Number"; Value = "871-B66364B1016T001"; VariantName = "[No Variations]"
Add component (AddParameter): Name = "Mouser Price/Stock"; Value = "https://www.mouser.co.uk/ProductDetail/EPCOS-TDK/B66364B1016T001?qs=w5o0Loj0u7OCD3bXX%252BmaPQ%3D%3D"; VariantName = "[No Variations]"
Added Pin To Net: NetName=NetC18_2 Pin=D8-K
Add Pin To Net: Unknown Pin: Pin H1-1
Add Pin To Net: Unknown Pin: Pin H2-1
Add Pin To Net: Unknown Pin: Pin H3-1
Add Pin To Net: Unknown Pin: Pin H4-1
Added Pin To Net: NetName=GND Pin=L1-1
Added Pin To Net: NetName=GND Pin=L1-2
Added Pin To Net: NetName=GND Pin=L1-3
Added Pin To Net: NetName=GND Pin=L1-4
Added Pin To Net: NetName=GND Pin=L1-5
Added Pin To Net: NetName=24V Pin=L1-6
Added Pin To Net: NetName=24V Pin=L1-7
Added Pin To Net: NetName=24V Pin=L1-8
Added Pin To Net: NetName=GND Pin=L1-12
Added Pin To Net: NetName=GND Pin=L1-13
Added Pin To Net: NetName=GND Pin=L1-14
Added Pin To Net: NetName=GND Pin=L1-15
Added Pin To Net: NetName=GND Pin=L1-16
Added Pin To Net: NetName=NetD8_A Pin=D8-A
Added Pin To Net: NetName=NetD8_A Pin=R15-1
Added Net: Name=NetD8_A
Added Pin To Net: NetName=NetL1_9 Pin=L1-9
Added Pin To Net: NetName=NetL1_9 Pin=L1-10
Added Pin To Net: NetName=NetL1_9 Pin=L1-11
Added Pin To Net: NetName=NetL1_9 Pin=Q1-2
Added Pin To Net: NetName=NetL1_9 Pin=Q2-2
Added Net: Name=NetL1_9
Added Member To Class: ClassName=Power Member=Component H1 HM4
Added Member To Class: ClassName=Power Member=Component H2 HM4
Added Member To Class: ClassName=Power Member=Component H3 HM4
Added Member To Class: ClassName=Power Member=Component H4 HM4
Added Member To Class: ClassName=Boostconverter Member=Component L1 B66364B1016T001
Added Room: Name=Boostconverter
Added Room: Name=Inverter
Added Room: Name=MCU
Added Room: Name=Power
