Removed Pin From Net: NetName=24V Pin=C4-1
Removed Pin From Net: NetName=24V Pin=C7-1
Removed Pin From Net: NetName=24V Pin=C9-1
Removed Pin From Net: NetName=24V Pin=PS1-1
Removed Pin From Net: NetName=24V Pin=PS2-1
Removed Pin From Net: NetName=24V Pin=PS3-1
Removed Pin From Net: NetName=24V Pin=R4-1
Removed Pin From Net: NetName=24V Pin=TP1-1
Added Pin To Net: NetName=NetC3.2_1 Pin=C4-1
Added Pin To Net: NetName=NetC3.2_1 Pin=C7-1
Added Pin To Net: NetName=NetC3.2_1 Pin=C9-1
Add Pin To Net: Unknown Pin: Pin H1-1
Add Pin To Net: Unknown Pin: Pin H2-1
Add Pin To Net: Unknown Pin: Pin H3-1
Add Pin To Net: Unknown Pin: Pin H4-1
Added Pin To Net: NetName=NetC3.2_1 Pin=PS1-1
Added Pin To Net: NetName=NetC3.2_1 Pin=PS2-1
Added Pin To Net: NetName=NetC3.2_1 Pin=PS3-1
Added Pin To Net: NetName=NetC3.2_1 Pin=R4-1
Added Pin To Net: NetName=NetC3.2_1 Pin=TP1-1
Change Net Name : Old Net Name=24V New Net Name=24Vinductor
Change Net Name : Old Net Name=NetC3.2_1 New Net Name=24V
