Change Footprint: Footprint Not Found RES_BR3_STP
Change Component Comment : Designator=C4 Old Comment=0603 10uf New Comment=10uf
Change Component Comment : Designator=C7 Old Comment=0603 10uf New Comment=10uf
Change Component Comment : Designator=C9 Old Comment=0603 10uf New Comment=10uf
Change Component Comment : Designator=C5 Old Comment=0603 22uf New Comment=22uf
Change Component Comment : Designator=C8 Old Comment=0603 22uf New Comment=22uf
Change Component Comment : Designator=C10 Old Comment=0603 22uf New Comment=22uf
Change Component Comment : Designator=C1 Old Comment=0603 100nf New Comment=100nf
Change Component Comment : Designator=C2 Old Comment=0603 100nf New Comment=100nf
Change Component Comment : Designator=C11 Old Comment=0603 100nf New Comment=100nf
Added Component: Designator=J3(DIPS762W60P254L1016H525Q8N)
Add component (AddParameter): Name = "Datasheet Link"; Value = "https://componentsearchengine.com/Datasheets/1/DILB8P-223TLF.pdf"; VariantName = "[No Variations]"
Add component (AddParameter): Name = "Height"; Value = "5.25mm"; VariantName = "[No Variations]"
Add component (AddParameter): Name = "Manufacturer_Name"; Value = "Amphenol"; VariantName = "[No Variations]"
Add component (AddParameter): Name = "Manufacturer_Part_Number"; Value = "DILB8P-223TLF"; VariantName = "[No Variations]"
Add component (AddParameter): Name = "Mouser2 Part Number"; Value = "649-DILB8P223TLF"; VariantName = "[No Variations]"
Add component (AddParameter): Name = "Mouser2 Price/Stock"; Value = "https://www.mouser.com/Search/Refine.aspx?Keyword=649-DILB8P223TLF"; VariantName = "[No Variations]"
Added Component: Designator=TP1(RESC3216X70N)
Add component (AddParameter): Name = "Availability"; Value = "Unavailable"; VariantName = "[No Variations]"
Add component (AddParameter): Name = "MF"; Value = "KOA Speer"; VariantName = "[No Variations]"
Add component (AddParameter): Name = "MP"; Value = "RCWCTE"; VariantName = "[No Variations]"
Add component (AddParameter): Name = "Package"; Value = "1206 KOA Speer"; VariantName = "[No Variations]"
Add component (AddParameter): Name = "Price"; Value = "None"; VariantName = "[No Variations]"
Add component (AddParameter): Name = "SnapEDA_Link"; Value = "https://www.snapeda.com/parts/RCWCTE/KOA%20Speer/view-part/1310479/?ref=snap"; VariantName = "[No Variations]"
Add component (AddParameter): Name = "Value"; Value = ""; VariantName = "[No Variations]"
Added Component: Designator=TP2(RESC3216X70N)
Add component (AddParameter): Name = "Availability"; Value = "Unavailable"; VariantName = "[No Variations]"
Add component (AddParameter): Name = "MF"; Value = "KOA Speer"; VariantName = "[No Variations]"
Add component (AddParameter): Name = "MP"; Value = "RCWCTE"; VariantName = "[No Variations]"
Add component (AddParameter): Name = "Package"; Value = "1206 KOA Speer"; VariantName = "[No Variations]"
Add component (AddParameter): Name = "Price"; Value = "None"; VariantName = "[No Variations]"
Add component (AddParameter): Name = "SnapEDA_Link"; Value = "https://www.snapeda.com/parts/RCWCTE/KOA%20Speer/view-part/1310479/?ref=snap"; VariantName = "[No Variations]"
Add component (AddParameter): Name = "Value"; Value = ""; VariantName = "[No Variations]"
Added Component: Designator=TP3(RESC3216X70N)
Add component (AddParameter): Name = "Availability"; Value = "Unavailable"; VariantName = "[No Variations]"
Add component (AddParameter): Name = "MF"; Value = "KOA Speer"; VariantName = "[No Variations]"
Add component (AddParameter): Name = "MP"; Value = "RCWCTE"; VariantName = "[No Variations]"
Add component (AddParameter): Name = "Package"; Value = "1206 KOA Speer"; VariantName = "[No Variations]"
Add component (AddParameter): Name = "Price"; Value = "None"; VariantName = "[No Variations]"
Add component (AddParameter): Name = "SnapEDA_Link"; Value = "https://www.snapeda.com/parts/RCWCTE/KOA%20Speer/view-part/1310479/?ref=snap"; VariantName = "[No Variations]"
Add component (AddParameter): Name = "Value"; Value = ""; VariantName = "[No Variations]"
Added Component: Designator=TP4(RESC3216X70N)
Add component (AddParameter): Name = "Availability"; Value = "Unavailable"; VariantName = "[No Variations]"
Add component (AddParameter): Name = "MF"; Value = "KOA Speer"; VariantName = "[No Variations]"
Add component (AddParameter): Name = "MP"; Value = "RCWCTE"; VariantName = "[No Variations]"
Add component (AddParameter): Name = "Package"; Value = "1206 KOA Speer"; VariantName = "[No Variations]"
Add component (AddParameter): Name = "Price"; Value = "None"; VariantName = "[No Variations]"
Add component (AddParameter): Name = "SnapEDA_Link"; Value = "https://www.snapeda.com/parts/RCWCTE/KOA%20Speer/view-part/1310479/?ref=snap"; VariantName = "[No Variations]"
Add component (AddParameter): Name = "Value"; Value = ""; VariantName = "[No Variations]"
Added Component: Designator=TP5(RESC3216X70N)
Add component (AddParameter): Name = "Availability"; Value = "Unavailable"; VariantName = "[No Variations]"
Add component (AddParameter): Name = "MF"; Value = "KOA Speer"; VariantName = "[No Variations]"
Add component (AddParameter): Name = "MP"; Value = "RCWCTE"; VariantName = "[No Variations]"
Add component (AddParameter): Name = "Package"; Value = "1206 KOA Speer"; VariantName = "[No Variations]"
Add component (AddParameter): Name = "Price"; Value = "None"; VariantName = "[No Variations]"
Add component (AddParameter): Name = "SnapEDA_Link"; Value = "https://www.snapeda.com/parts/RCWCTE/KOA%20Speer/view-part/1310479/?ref=snap"; VariantName = "[No Variations]"
Add component (AddParameter): Name = "Value"; Value = ""; VariantName = "[No Variations]"
Added Component: Designator=TP6(RESC3216X70N)
Add component (AddParameter): Name = "Availability"; Value = "Unavailable"; VariantName = "[No Variations]"
Add component (AddParameter): Name = "MF"; Value = "KOA Speer"; VariantName = "[No Variations]"
Add component (AddParameter): Name = "MP"; Value = "RCWCTE"; VariantName = "[No Variations]"
Add component (AddParameter): Name = "Package"; Value = "1206 KOA Speer"; VariantName = "[No Variations]"
Add component (AddParameter): Name = "Price"; Value = "None"; VariantName = "[No Variations]"
Add component (AddParameter): Name = "SnapEDA_Link"; Value = "https://www.snapeda.com/parts/RCWCTE/KOA%20Speer/view-part/1310479/?ref=snap"; VariantName = "[No Variations]"
Add component (AddParameter): Name = "Value"; Value = ""; VariantName = "[No Variations]"
Added Component: Designator=TP7(RESC3216X70N)
Add component (AddParameter): Name = "Availability"; Value = "Unavailable"; VariantName = "[No Variations]"
Add component (AddParameter): Name = "MF"; Value = "KOA Speer"; VariantName = "[No Variations]"
Add component (AddParameter): Name = "MP"; Value = "RCWCTE"; VariantName = "[No Variations]"
Add component (AddParameter): Name = "Package"; Value = "1206 KOA Speer"; VariantName = "[No Variations]"
Add component (AddParameter): Name = "Price"; Value = "None"; VariantName = "[No Variations]"
Add component (AddParameter): Name = "SnapEDA_Link"; Value = "https://www.snapeda.com/parts/RCWCTE/KOA%20Speer/view-part/1310479/?ref=snap"; VariantName = "[No Variations]"
Add component (AddParameter): Name = "Value"; Value = ""; VariantName = "[No Variations]"
Added Component: Designator=TP8(RESC3216X70N)
Add component (AddParameter): Name = "Availability"; Value = "Unavailable"; VariantName = "[No Variations]"
Add component (AddParameter): Name = "MF"; Value = "KOA Speer"; VariantName = "[No Variations]"
Add component (AddParameter): Name = "MP"; Value = "RCWCTE"; VariantName = "[No Variations]"
Add component (AddParameter): Name = "Package"; Value = "1206 KOA Speer"; VariantName = "[No Variations]"
Add component (AddParameter): Name = "Price"; Value = "None"; VariantName = "[No Variations]"
Add component (AddParameter): Name = "SnapEDA_Link"; Value = "https://www.snapeda.com/parts/RCWCTE/KOA%20Speer/view-part/1310479/?ref=snap"; VariantName = "[No Variations]"
Add component (AddParameter): Name = "Value"; Value = ""; VariantName = "[No Variations]"
Added Component: Designator=TP9(RESC3216X70N)
Add component (AddParameter): Name = "Availability"; Value = "Unavailable"; VariantName = "[No Variations]"
Add component (AddParameter): Name = "MF"; Value = "KOA Speer"; VariantName = "[No Variations]"
Add component (AddParameter): Name = "MP"; Value = "RCWCTE"; VariantName = "[No Variations]"
Add component (AddParameter): Name = "Package"; Value = "1206 KOA Speer"; VariantName = "[No Variations]"
Add component (AddParameter): Name = "Price"; Value = "None"; VariantName = "[No Variations]"
Add component (AddParameter): Name = "SnapEDA_Link"; Value = "https://www.snapeda.com/parts/RCWCTE/KOA%20Speer/view-part/1310479/?ref=snap"; VariantName = "[No Variations]"
Add component (AddParameter): Name = "Value"; Value = ""; VariantName = "[No Variations]"
Added Component: Designator=TP10(RESC3216X70N)
Add component (AddParameter): Name = "Availability"; Value = "Unavailable"; VariantName = "[No Variations]"
Add component (AddParameter): Name = "MF"; Value = "KOA Speer"; VariantName = "[No Variations]"
Add component (AddParameter): Name = "MP"; Value = "RCWCTE"; VariantName = "[No Variations]"
Add component (AddParameter): Name = "Package"; Value = "1206 KOA Speer"; VariantName = "[No Variations]"
Add component (AddParameter): Name = "Price"; Value = "None"; VariantName = "[No Variations]"
Add component (AddParameter): Name = "SnapEDA_Link"; Value = "https://www.snapeda.com/parts/RCWCTE/KOA%20Speer/view-part/1310479/?ref=snap"; VariantName = "[No Variations]"
Add component (AddParameter): Name = "Value"; Value = ""; VariantName = "[No Variations]"
Added Component: Designator=TP11(RESC3216X70N)
Add component (AddParameter): Name = "Availability"; Value = "Unavailable"; VariantName = "[No Variations]"
Add component (AddParameter): Name = "MF"; Value = "KOA Speer"; VariantName = "[No Variations]"
Add component (AddParameter): Name = "MP"; Value = "RCWCTE"; VariantName = "[No Variations]"
Add component (AddParameter): Name = "Package"; Value = "1206 KOA Speer"; VariantName = "[No Variations]"
Add component (AddParameter): Name = "Price"; Value = "None"; VariantName = "[No Variations]"
Add component (AddParameter): Name = "SnapEDA_Link"; Value = "https://www.snapeda.com/parts/RCWCTE/KOA%20Speer/view-part/1310479/?ref=snap"; VariantName = "[No Variations]"
Add component (AddParameter): Name = "Value"; Value = ""; VariantName = "[No Variations]"
Added Component: Designator=TP12(RESC3216X70N)
Add component (AddParameter): Name = "Availability"; Value = "Unavailable"; VariantName = "[No Variations]"
Add component (AddParameter): Name = "MF"; Value = "KOA Speer"; VariantName = "[No Variations]"
Add component (AddParameter): Name = "MP"; Value = "RCWCTE"; VariantName = "[No Variations]"
Add component (AddParameter): Name = "Package"; Value = "1206 KOA Speer"; VariantName = "[No Variations]"
Add component (AddParameter): Name = "Price"; Value = "None"; VariantName = "[No Variations]"
Add component (AddParameter): Name = "SnapEDA_Link"; Value = "https://www.snapeda.com/parts/RCWCTE/KOA%20Speer/view-part/1310479/?ref=snap"; VariantName = "[No Variations]"
Add component (AddParameter): Name = "Value"; Value = ""; VariantName = "[No Variations]"
Added Component: Designator=TP13(RESC3216X70N)
Add component (AddParameter): Name = "Availability"; Value = "Unavailable"; VariantName = "[No Variations]"
Add component (AddParameter): Name = "MF"; Value = "KOA Speer"; VariantName = "[No Variations]"
Add component (AddParameter): Name = "MP"; Value = "RCWCTE"; VariantName = "[No Variations]"
Add component (AddParameter): Name = "Package"; Value = "1206 KOA Speer"; VariantName = "[No Variations]"
Add component (AddParameter): Name = "Price"; Value = "None"; VariantName = "[No Variations]"
Add component (AddParameter): Name = "SnapEDA_Link"; Value = "https://www.snapeda.com/parts/RCWCTE/KOA%20Speer/view-part/1310479/?ref=snap"; VariantName = "[No Variations]"
Add component (AddParameter): Name = "Value"; Value = ""; VariantName = "[No Variations]"
Added Component: Designator=TP14(RESC3216X70N)
Add component (AddParameter): Name = "Availability"; Value = "Unavailable"; VariantName = "[No Variations]"
Add component (AddParameter): Name = "MF"; Value = "KOA Speer"; VariantName = "[No Variations]"
Add component (AddParameter): Name = "MP"; Value = "RCWCTE"; VariantName = "[No Variations]"
Add component (AddParameter): Name = "Package"; Value = "1206 KOA Speer"; VariantName = "[No Variations]"
Add component (AddParameter): Name = "Price"; Value = "None"; VariantName = "[No Variations]"
Add component (AddParameter): Name = "SnapEDA_Link"; Value = "https://www.snapeda.com/parts/RCWCTE/KOA%20Speer/view-part/1310479/?ref=snap"; VariantName = "[No Variations]"
Add component (AddParameter): Name = "Value"; Value = ""; VariantName = "[No Variations]"
Added Component: Designator=TP15(RESC3216X70N)
Add component (AddParameter): Name = "Availability"; Value = "Unavailable"; VariantName = "[No Variations]"
Add component (AddParameter): Name = "MF"; Value = "KOA Speer"; VariantName = "[No Variations]"
Add component (AddParameter): Name = "MP"; Value = "RCWCTE"; VariantName = "[No Variations]"
Add component (AddParameter): Name = "Package"; Value = "1206 KOA Speer"; VariantName = "[No Variations]"
Add component (AddParameter): Name = "Price"; Value = "None"; VariantName = "[No Variations]"
Add component (AddParameter): Name = "SnapEDA_Link"; Value = "https://www.snapeda.com/parts/RCWCTE/KOA%20Speer/view-part/1310479/?ref=snap"; VariantName = "[No Variations]"
Add component (AddParameter): Name = "Value"; Value = ""; VariantName = "[No Variations]"
Added Component: Designator=TP16(RESC3216X70N)
Add component (AddParameter): Name = "Availability"; Value = "Unavailable"; VariantName = "[No Variations]"
Add component (AddParameter): Name = "MF"; Value = "KOA Speer"; VariantName = "[No Variations]"
Add component (AddParameter): Name = "MP"; Value = "RCWCTE"; VariantName = "[No Variations]"
Add component (AddParameter): Name = "Package"; Value = "1206 KOA Speer"; VariantName = "[No Variations]"
Add component (AddParameter): Name = "Price"; Value = "None"; VariantName = "[No Variations]"
Add component (AddParameter): Name = "SnapEDA_Link"; Value = "https://www.snapeda.com/parts/RCWCTE/KOA%20Speer/view-part/1310479/?ref=snap"; VariantName = "[No Variations]"
Add component (AddParameter): Name = "Value"; Value = ""; VariantName = "[No Variations]"
Added Component: Designator=TP17(RESC3216X70N)
Add component (AddParameter): Name = "Availability"; Value = "Unavailable"; VariantName = "[No Variations]"
Add component (AddParameter): Name = "MF"; Value = "KOA Speer"; VariantName = "[No Variations]"
Add component (AddParameter): Name = "MP"; Value = "RCWCTE"; VariantName = "[No Variations]"
Add component (AddParameter): Name = "Package"; Value = "1206 KOA Speer"; VariantName = "[No Variations]"
Add component (AddParameter): Name = "Price"; Value = "None"; VariantName = "[No Variations]"
Add component (AddParameter): Name = "SnapEDA_Link"; Value = "https://www.snapeda.com/parts/RCWCTE/KOA%20Speer/view-part/1310479/?ref=snap"; VariantName = "[No Variations]"
Add component (AddParameter): Name = "Value"; Value = ""; VariantName = "[No Variations]"
Added Component: Designator=TP18(RESC3216X70N)
Add component (AddParameter): Name = "Availability"; Value = "Unavailable"; VariantName = "[No Variations]"
Add component (AddParameter): Name = "MF"; Value = "KOA Speer"; VariantName = "[No Variations]"
Add component (AddParameter): Name = "MP"; Value = "RCWCTE"; VariantName = "[No Variations]"
Add component (AddParameter): Name = "Package"; Value = "1206 KOA Speer"; VariantName = "[No Variations]"
Add component (AddParameter): Name = "Price"; Value = "None"; VariantName = "[No Variations]"
Add component (AddParameter): Name = "SnapEDA_Link"; Value = "https://www.snapeda.com/parts/RCWCTE/KOA%20Speer/view-part/1310479/?ref=snap"; VariantName = "[No Variations]"
Add component (AddParameter): Name = "Value"; Value = ""; VariantName = "[No Variations]"
Added Component: Designator=TP19(RESC3216X70N)
Add component (AddParameter): Name = "Availability"; Value = "Unavailable"; VariantName = "[No Variations]"
Add component (AddParameter): Name = "MF"; Value = "KOA Speer"; VariantName = "[No Variations]"
Add component (AddParameter): Name = "MP"; Value = "RCWCTE"; VariantName = "[No Variations]"
Add component (AddParameter): Name = "Package"; Value = "1206 KOA Speer"; VariantName = "[No Variations]"
Add component (AddParameter): Name = "Price"; Value = "None"; VariantName = "[No Variations]"
Add component (AddParameter): Name = "SnapEDA_Link"; Value = "https://www.snapeda.com/parts/RCWCTE/KOA%20Speer/view-part/1310479/?ref=snap"; VariantName = "[No Variations]"
Add component (AddParameter): Name = "Value"; Value = ""; VariantName = "[No Variations]"
Add Pin To Net: Unknown Pin: Pin *1-1
Add Pin To Net: Unknown Pin: Pin *1-2
Add Pin To Net: Unknown Pin: Pin *1-3
Add Pin To Net: Unknown Pin: Pin *1-4
Add Pin To Net: Unknown Pin: Pin *1-5
Add Pin To Net: Unknown Pin: Pin *1-6
Add Pin To Net: Unknown Pin: Pin *1-7
Add Pin To Net: Unknown Pin: Pin *1-8
Add Pin To Net: Unknown Pin: Pin *1-9
Add Pin To Net: Unknown Pin: Pin *1-10
Add Pin To Net: Unknown Pin: Pin *1-16
Add Pin To Net: Unknown Pin: Pin *1-17
Add Pin To Net: Unknown Pin: Pin *1-18
Add Pin To Net: Unknown Pin: Pin *1-19
Add Pin To Net: Unknown Pin: Pin *1-20
Add Pin To Net: Unknown Pin: Pin D2-+
Add Pin To Net: Unknown Pin: Pin D2--
Add Pin To Net: Unknown Pin: Pin D3-+
Add Pin To Net: Unknown Pin: Pin D3--
Add Pin To Net: Unknown Pin: Pin D4-+
Add Pin To Net: Unknown Pin: Pin D4--
Add Pin To Net: Unknown Pin: Pin D5-+
Add Pin To Net: Unknown Pin: Pin D5--
Add Pin To Net: Unknown Pin: Pin D6-+
Add Pin To Net: Unknown Pin: Pin D6--
Added Pin To Net: NetName=MCUPWMBST Pin=J3-1
Added Pin To Net: NetName=MCUBOOSTSD Pin=J3-2
Added Pin To Net: NetName=48V Pin=J3-3
Added Pin To Net: NetName=NetJ3_4 Pin=J3-4
Added Pin To Net: NetName=15V Pin=J3-5
Added Pin To Net: NetName=NetC18_2 Pin=J3-6
Added Pin To Net: NetName=NetJ3_7 Pin=J3-7
Added Pin To Net: NetName=NetC18_1 Pin=J3-8
Add Pin To Net: Unknown Pin: Pin PS1-1
Add Pin To Net: Unknown Pin: Pin PS1-2
Add Pin To Net: Unknown Pin: Pin PS1-3
Add Pin To Net: Unknown Pin: Pin PS2-1
Add Pin To Net: Unknown Pin: Pin PS2-2
Add Pin To Net: Unknown Pin: Pin PS2-3
Add Pin To Net: Unknown Pin: Pin PS3-1
Add Pin To Net: Unknown Pin: Pin PS3-2
Add Pin To Net: Unknown Pin: Pin PS3-3
Add Pin To Net: Unknown Pin: Pin RA1-1
Add Pin To Net: Unknown Pin: Pin RA1-2
Add Pin To Net: Unknown Pin: Pin RA1-3
Add Pin To Net: Unknown Pin: Pin RA1-4
Added Pin To Net: NetName=24V Pin=TP1-1
Added Pin To Net: NetName=15V Pin=TP2-1
Added Pin To Net: NetName=5V Pin=TP3-1
Added Pin To Net: NetName=3.3V Pin=TP4-1
Added Pin To Net: NetName=NetJ3_4 Pin=TP5-1
Added Pin To Net: NetName=NetJ3_7 Pin=TP6-1
Added Pin To Net: NetName=MCUPWMWH Pin=TP7-1
Added Pin To Net: NetName=MCUPWMVH Pin=TP8-1
Added Pin To Net: NetName=MCUPWMUH Pin=TP9-1
Added Pin To Net: NetName=MCUPWMWL Pin=TP10-1
Added Pin To Net: NetName=MCUPWMVL Pin=TP11-1
Added Pin To Net: NetName=MCUPWMUL Pin=TP12-1
Added Pin To Net: NetName=MCUINVTEMP Pin=TP13-1
Added Pin To Net: NetName=MSUIUSENS Pin=TP14-1
Added Pin To Net: NetName=MCUIVSENS Pin=TP15-1
Added Pin To Net: NetName=MCUV48BUS Pin=TP16-1
Added Pin To Net: NetName=MCUISUPPLY Pin=TP17-1
Added Pin To Net: NetName=MCUVBATTERY Pin=TP18-1
Added Pin To Net: NetName=NetP2_2 Pin=TP19-1
Add Pin To Net: Unknown Pin: Pin U1-1
Add Pin To Net: Unknown Pin: Pin U1-2
Add Pin To Net: Unknown Pin: Pin U1-3
Add Pin To Net: Unknown Pin: Pin U1-4
Add Pin To Net: Unknown Pin: Pin U1-5
Add Pin To Net: Unknown Pin: Pin U1-6
Add Pin To Net: Unknown Pin: Pin U1-7
Add Pin To Net: Unknown Pin: Pin U1-8
Add Pin To Net: Unknown Pin: Pin U2-1
Add Pin To Net: Unknown Pin: Pin U2-2
Add Pin To Net: Unknown Pin: Pin U2-3
Add Pin To Net: Unknown Pin: Pin U2-4
Add Pin To Net: Unknown Pin: Pin U2-5
Add Pin To Net: Unknown Pin: Pin U3-1
Add Pin To Net: Unknown Pin: Pin U3-2
Add Pin To Net: Unknown Pin: Pin U3-3
Add Pin To Net: Unknown Pin: Pin U3-4
Add Pin To Net: Unknown Pin: Pin U3-5
Add Pin To Net: Unknown Pin: Pin U6-1
Add Pin To Net: Unknown Pin: Pin U6-2
Add Pin To Net: Unknown Pin: Pin U6-3
Add Pin To Net: Unknown Pin: Pin U6-4
Add Pin To Net: Unknown Pin: Pin U6-5
Add Pin To Net: Unknown Pin: Pin U7-1
Add Pin To Net: Unknown Pin: Pin U7-2
Add Pin To Net: Unknown Pin: Pin U7-3
Add Pin To Net: Unknown Pin: Pin U7-4
Add Pin To Net: Unknown Pin: Pin U7-5
Add Pin To Net: Unknown Pin: Pin U7-6
Add Pin To Net: Unknown Pin: Pin U7-7
Add Pin To Net: Unknown Pin: Pin U7-8
Add Pin To Net: Unknown Pin: Pin U8-1
Add Pin To Net: Unknown Pin: Pin U8-2
Add Pin To Net: Unknown Pin: Pin U8-3
Add Pin To Net: Unknown Pin: Pin U8-4
Add Pin To Net: Unknown Pin: Pin U8-5
Add Pin To Net: Unknown Pin: Pin U8-6
Add Pin To Net: Unknown Pin: Pin U8-7
Add Pin To Net: Unknown Pin: Pin U8-8
Add Class Member: Failed to add class member : Component *1 SN74LVC245A
Add Class Member: Failed to add class member : Component D2 LED
Add Class Member: Failed to add class member : Component D3 LED
Add Class Member: Failed to add class member : Component D4 LED
Add Class Member: Failed to add class member : Component D5 LED
Add Class Member: Failed to add class member : Component D6 LED
Added Member To Class: ClassName=Boostconverter Member=Component J3 DILB8P-223TLF
Add Class Member: Failed to add class member : Component PS1 P78E-1000
Add Class Member: Failed to add class member : Component PS2 P78E-1000
Add Class Member: Failed to add class member : Component PS3 P78E-1000
Add Class Member: Failed to add class member : Component RA1 ACASN2001S2001P1AT
Added Member To Class: ClassName=Power Member=Component TP1 Test Point
Added Member To Class: ClassName=Power Member=Component TP2 Test Point
Added Member To Class: ClassName=Power Member=Component TP3 Test Point
Added Member To Class: ClassName=Power Member=Component TP4 Test Point
Added Member To Class: ClassName=Boostconverter Member=Component TP5 Test Point
Added Member To Class: ClassName=Boostconverter Member=Component TP6 Test Point
Added Member To Class: ClassName=Inverter Member=Component TP7 Test Point
Added Member To Class: ClassName=Inverter Member=Component TP8 Test Point
Added Member To Class: ClassName=Inverter Member=Component TP9 Test Point
Added Member To Class: ClassName=Inverter Member=Component TP10 Test Point
Added Member To Class: ClassName=Inverter Member=Component TP11 Test Point
Added Member To Class: ClassName=Inverter Member=Component TP12 Test Point
Added Member To Class: ClassName=MCU Member=Component TP13 Test Point
Added Member To Class: ClassName=MCU Member=Component TP14 Test Point
Added Member To Class: ClassName=MCU Member=Component TP15 Test Point
Added Member To Class: ClassName=MCU Member=Component TP16 Test Point
Added Member To Class: ClassName=MCU Member=Component TP17 Test Point
Added Member To Class: ClassName=MCU Member=Component TP18 Test Point
Added Member To Class: ClassName=MCU Member=Component TP19 Test Point
Add Class Member: Failed to add class member : Component U1 INA155U
Add Class Member: Failed to add class member : Component U2 MCP6001T
Add Class Member: Failed to add class member : Component U3 MCP6001T
Add Class Member: Failed to add class member : Component U6 MCP6001T
Add Class Member: Failed to add class member : Component U7 MLX91221KDC-ABF-050-SP
Add Class Member: Failed to add class member : Component U8 MLX91221KDC-ABF-050-SP
