Removed Pin From Net: NetName=3.3V Pin=C1-1
Removed Pin From Net: NetName=GND Pin=C1-2
Removed Pin From Net: NetName=1.65V Pin=C2-1
Removed Pin From Net: NetName=GND Pin=C2-2
Removed Pin From Net: NetName=24V Pin=C4-1
Removed Pin From Net: NetName=GND Pin=C4-2
Removed Pin From Net: NetName=15V Pin=C5-1
Removed Pin From Net: NetName=GND Pin=C5-2
Removed Pin From Net: NetName=3.3V Pin=C6-1
Removed Pin From Net: NetName=GND Pin=C6-2
Removed Pin From Net: NetName=24V Pin=C7-1
Removed Pin From Net: NetName=GND Pin=C7-2
Removed Pin From Net: NetName=5V Pin=C8-1
Removed Pin From Net: NetName=24V Pin=C9-1
Removed Pin From Net: NetName=GND Pin=C9-2
Removed Pin From Net: NetName=3.3V Pin=C10-1
Removed Pin From Net: NetName=GND Pin=C10-2
Removed Pin From Net: NetName=3.3V Pin=C11-1
Removed Pin From Net: NetName=GND Pin=C11-2
Removed Pin From Net: NetName=15V Pin=C21-1
Removed Pin From Net: NetName=GND Pin=C21-2
Removed Pin From Net: NetName=15V Pin=C22-1
Removed Pin From Net: NetName=GND Pin=C22-2
Removed Pin From Net: NetName=15V Pin=C23-1
Removed Pin From Net: NetName=GND Pin=C23-2
Removed Pin From Net: NetName=15V Pin=C24-1
Removed Pin From Net: NetName=GND Pin=C24-2
Removed Pin From Net: NetName=MCUIUSENS Pin=C25-1
Removed Pin From Net: NetName=GND Pin=C25-2
Removed Pin From Net: NetName=3.3V Pin=C26-1
Removed Pin From Net: NetName=GND Pin=C26-2
Removed Pin From Net: NetName=1.65V Pin=C27-1
Removed Pin From Net: NetName=GND Pin=C27-2
Removed Pin From Net: NetName=NetC28_1 Pin=C29-1
Removed Pin From Net: NetName=NetC28_2 Pin=C29-2
Removed Pin From Net: NetName=NetC30_1 Pin=C31-1
Removed Pin From Net: NetName=NetC30_2 Pin=C31-2
Removed Pin From Net: NetName=48V Pin=C32-1
Removed Pin From Net: NetName=GND Pin=C32-2
Removed Pin From Net: NetName=NetC33_1 Pin=C34-1
Removed Pin From Net: NetName=NetC33_2 Pin=C34-2
Removed Pin From Net: NetName=MCUIVSENS Pin=C35-1
Removed Pin From Net: NetName=GND Pin=C35-2
Removed Pin From Net: NetName=3.3V Pin=C36-1
Removed Pin From Net: NetName=GND Pin=C36-2
Removed Pin From Net: NetName=1.65V Pin=C37-1
Removed Pin From Net: NetName=GND Pin=C37-2
Removed Pin From Net: NetName=GND Pin=C38-2
Removed Pin From Net: NetName=GND Pin=C39-2
Removed Pin From Net: NetName=GND Pin=C40-2
Removed Pin From Net: NetName=GND Pin=C41-2
Removed Pin From Net: NetName=GND Pin=C42-2
Removed Pin From Net: NetName=GND Pin=C43-2
Removed Pin From Net: NetName=MCUINVFLT Pin=C44-1
Removed Pin From Net: NetName=GND Pin=C44-2
Removed Pin From Net: NetName=NetC45_1 Pin=C45-1
Removed Pin From Net: NetName=GND Pin=C45-2
Removed Pin From Net: NetName=MCUINVTEMP Pin=C46-1
Removed Pin From Net: NetName=GND Pin=C46-2
Removed Pin From Net: NetName=GND Pin=C47-2
Removed Pin From Net: NetName=MCUPWMVL Pin=R23-2
Removed Member From Class: ClassName=Inverter Member=C?
Change Component Footprint: Designator=C1 Old Footprint=FP-0603-L_1_6_0_15-W_0_81-IPC_A New Footprint=CAPC1609X100X15LL20
Change Component Footprint: Designator=C2 Old Footprint=FP-0603-L_1_6_0_15-W_0_81-IPC_A New Footprint=CAPC1609X100X15LL20
Change Component Footprint: Designator=C4 Old Footprint=FP-0603-L_1_6_0_15-W_0_81-IPC_A New Footprint=CAPC1609X100X15LL20
Change Component Footprint: Designator=C5 Old Footprint=FP-0603-L_1_6_0_15-W_0_81-IPC_A New Footprint=CAPC1609X100X15LL20
Change Component Footprint: Designator=C6 Old Footprint=FP-0603-L_1_6_0_15-W_0_81-IPC_A New Footprint=CAPC1609X100X15LL20
Change Component Footprint: Designator=C7 Old Footprint=FP-0603-L_1_6_0_15-W_0_81-IPC_A New Footprint=CAPC1609X100X15LL20
Change Component Footprint: Designator=C8 Old Footprint=FP-0603-L_1_6_0_15-W_0_81-IPC_A New Footprint=CAPC1609X100X15LL20
Change Component Footprint: Designator=C9 Old Footprint=FP-0603-L_1_6_0_15-W_0_81-IPC_A New Footprint=CAPC1609X100X15LL20
Change Component Footprint: Designator=C10 Old Footprint=FP-0603-L_1_6_0_15-W_0_81-IPC_A New Footprint=CAPC1609X100X15LL20
Change Component Footprint: Designator=C11 Old Footprint=FP-0603-L_1_6_0_15-W_0_81-IPC_A New Footprint=CAPC1609X100X15LL20
Change Component Footprint: Designator=C21 Old Footprint=FP-0603-L_1_6_0_15-W_0_81-IPC_A New Footprint=CAPC1609X100X15LL20
Change Component Footprint: Designator=C22 Old Footprint=FP-0603-L_1_6_0_15-W_0_81-IPC_A New Footprint=CAPC1609X100X15LL20
Change Component Footprint: Designator=C23 Old Footprint=FP-0603-L_1_6_0_15-W_0_81-IPC_A New Footprint=CAPC1609X100X15LL20
Change Component Footprint: Designator=C24 Old Footprint=FP-0603-L_1_6_0_15-W_0_81-IPC_A New Footprint=CAPC1609X100X15LL20
Change Component Footprint: Designator=C25 Old Footprint=FP-0603-L_1_6_0_15-W_0_81-IPC_A New Footprint=CAPC1609X100X15LL20
Change Component Footprint: Designator=C26 Old Footprint=FP-0603-L_1_6_0_15-W_0_81-IPC_A New Footprint=CAPC1609X100X15LL20
Change Component Footprint: Designator=C27 Old Footprint=FP-0603-L_1_6_0_15-W_0_81-IPC_A New Footprint=CAPC1609X100X15LL20
Change Component Footprint: Designator=C29 Old Footprint=FP-0603-L_1_6_0_15-W_0_81-IPC_A New Footprint=CAPC1609X100X15LL20
Change Component Footprint: Designator=C31 Old Footprint=FP-0603-L_1_6_0_15-W_0_81-IPC_A New Footprint=CAPC1609X100X15LL20
Change Component Footprint: Designator=C32 Old Footprint=FP-0603-L_1_6_0_15-W_0_81-IPC_A New Footprint=CAPC1609X100X15LL20
Change Component Footprint: Designator=C34 Old Footprint=FP-0603-L_1_6_0_15-W_0_81-IPC_A New Footprint=CAPC1609X100X15LL20
Change Component Footprint: Designator=C35 Old Footprint=FP-0603-L_1_6_0_15-W_0_81-IPC_A New Footprint=CAPC1609X100X15LL20
Change Component Footprint: Designator=C36 Old Footprint=FP-0603-L_1_6_0_15-W_0_81-IPC_A New Footprint=CAPC1609X100X15LL20
Change Component Footprint: Designator=C37 Old Footprint=FP-0603-L_1_6_0_15-W_0_81-IPC_A New Footprint=CAPC1609X100X15LL20
Change Component Footprint: Designator=C38 Old Footprint=FP-0603-L_1_6_0_15-W_0_81-IPC_A New Footprint=CAPC1609X100X15LL20
Change Component Footprint: Designator=C39 Old Footprint=FP-0603-L_1_6_0_15-W_0_81-IPC_A New Footprint=CAPC1609X100X15LL20
Change Component Footprint: Designator=C40 Old Footprint=FP-0603-L_1_6_0_15-W_0_81-IPC_A New Footprint=CAPC1609X100X15LL20
Change Component Footprint: Designator=C41 Old Footprint=FP-0603-L_1_6_0_15-W_0_81-IPC_A New Footprint=CAPC1609X100X15LL20
Change Component Footprint: Designator=C42 Old Footprint=FP-0603-L_1_6_0_15-W_0_81-IPC_A New Footprint=CAPC1609X100X15LL20
Change Component Footprint: Designator=C43 Old Footprint=FP-0603-L_1_6_0_15-W_0_81-IPC_A New Footprint=CAPC1609X100X15LL20
Change Component Footprint: Designator=C44 Old Footprint=FP-0603-L_1_6_0_15-W_0_81-IPC_A New Footprint=CAPC1609X100X15LL20
Change Component Footprint: Designator=C45 Old Footprint=FP-0603-L_1_6_0_15-W_0_81-IPC_A New Footprint=CAPC1609X100X15LL20
Change Component Footprint: Designator=C46 Old Footprint=FP-0603-L_1_6_0_15-W_0_81-IPC_A New Footprint=CAPC1609X100X15LL20
Change Component Footprint: Designator=C47 Old Footprint=FP-0603-L_1_6_0_15-W_0_81-IPC_A New Footprint=CAPC1609X100X15LL20
Change Footprint: Footprint Not Found FP-ERJ2RK-IPC_C
Change Component Comment : Designator=C4 Old Comment=10uf New Comment=10nF
Change Component Comment : Designator=C7 Old Comment=10uf New Comment=10nF
Change Component Comment : Designator=C9 Old Comment=10uf New Comment=10nF
Change Component Comment : Designator=C5 Old Comment=22uf New Comment=22nF
Change Component Comment : Designator=C8 Old Comment=22uf New Comment=22nF
Change Component Comment : Designator=C10 Old Comment=22uf New Comment=22nF
Change Component Comment : Designator=C6 Old Comment=0603 100nf New Comment=100nF
Change Managed Component Library Link : Designator=C1 Old VaultGUID=B7D15EC3-160A-466F-A46C-7801FE6295A7 New VaultGUID=B7D15EC3-160A-466F-A46C-7801FE6295A7 Old ItemGUID=208F955F-60E5-4621-A2A8-6A1EB957F730 New ItemGUID=95DDB486-72A3-4198-A781-A7670744B25C Old RevisionGUID=4C0D725B-B931-4836-A434-2B2B20CA942D New RevisionGUID=607D2B5E-803C-42BF-A512-8C27CBF53D8F
Change Managed Component Library Link : Designator=C2 Old VaultGUID=B7D15EC3-160A-466F-A46C-7801FE6295A7 New VaultGUID=B7D15EC3-160A-466F-A46C-7801FE6295A7 Old ItemGUID=208F955F-60E5-4621-A2A8-6A1EB957F730 New ItemGUID=95DDB486-72A3-4198-A781-A7670744B25C Old RevisionGUID=4C0D725B-B931-4836-A434-2B2B20CA942D New RevisionGUID=607D2B5E-803C-42BF-A512-8C27CBF53D8F
Change Managed Component Library Link : Designator=C4 Old VaultGUID=B7D15EC3-160A-466F-A46C-7801FE6295A7 New VaultGUID=B7D15EC3-160A-466F-A46C-7801FE6295A7 Old ItemGUID=208F955F-60E5-4621-A2A8-6A1EB957F730 New ItemGUID=95DDB486-72A3-4198-A781-A7670744B25C Old RevisionGUID=4C0D725B-B931-4836-A434-2B2B20CA942D New RevisionGUID=607D2B5E-803C-42BF-A512-8C27CBF53D8F
Change Managed Component Library Link : Designator=C5 Old VaultGUID=B7D15EC3-160A-466F-A46C-7801FE6295A7 New VaultGUID=B7D15EC3-160A-466F-A46C-7801FE6295A7 Old ItemGUID=208F955F-60E5-4621-A2A8-6A1EB957F730 New ItemGUID=95DDB486-72A3-4198-A781-A7670744B25C Old RevisionGUID=4C0D725B-B931-4836-A434-2B2B20CA942D New RevisionGUID=607D2B5E-803C-42BF-A512-8C27CBF53D8F
Change Managed Component Library Link : Designator=C6 Old VaultGUID=B7D15EC3-160A-466F-A46C-7801FE6295A7 New VaultGUID=B7D15EC3-160A-466F-A46C-7801FE6295A7 Old ItemGUID=208F955F-60E5-4621-A2A8-6A1EB957F730 New ItemGUID=95DDB486-72A3-4198-A781-A7670744B25C Old RevisionGUID=4C0D725B-B931-4836-A434-2B2B20CA942D New RevisionGUID=607D2B5E-803C-42BF-A512-8C27CBF53D8F
Change Managed Component Library Link : Designator=C7 Old VaultGUID=B7D15EC3-160A-466F-A46C-7801FE6295A7 New VaultGUID=B7D15EC3-160A-466F-A46C-7801FE6295A7 Old ItemGUID=208F955F-60E5-4621-A2A8-6A1EB957F730 New ItemGUID=95DDB486-72A3-4198-A781-A7670744B25C Old RevisionGUID=4C0D725B-B931-4836-A434-2B2B20CA942D New RevisionGUID=607D2B5E-803C-42BF-A512-8C27CBF53D8F
Change Managed Component Library Link : Designator=C8 Old VaultGUID=B7D15EC3-160A-466F-A46C-7801FE6295A7 New VaultGUID=B7D15EC3-160A-466F-A46C-7801FE6295A7 Old ItemGUID=208F955F-60E5-4621-A2A8-6A1EB957F730 New ItemGUID=95DDB486-72A3-4198-A781-A7670744B25C Old RevisionGUID=4C0D725B-B931-4836-A434-2B2B20CA942D New RevisionGUID=607D2B5E-803C-42BF-A512-8C27CBF53D8F
Change Managed Component Library Link : Designator=C9 Old VaultGUID=B7D15EC3-160A-466F-A46C-7801FE6295A7 New VaultGUID=B7D15EC3-160A-466F-A46C-7801FE6295A7 Old ItemGUID=208F955F-60E5-4621-A2A8-6A1EB957F730 New ItemGUID=95DDB486-72A3-4198-A781-A7670744B25C Old RevisionGUID=4C0D725B-B931-4836-A434-2B2B20CA942D New RevisionGUID=607D2B5E-803C-42BF-A512-8C27CBF53D8F
Change Managed Component Library Link : Designator=C10 Old VaultGUID=B7D15EC3-160A-466F-A46C-7801FE6295A7 New VaultGUID=B7D15EC3-160A-466F-A46C-7801FE6295A7 Old ItemGUID=208F955F-60E5-4621-A2A8-6A1EB957F730 New ItemGUID=95DDB486-72A3-4198-A781-A7670744B25C Old RevisionGUID=4C0D725B-B931-4836-A434-2B2B20CA942D New RevisionGUID=607D2B5E-803C-42BF-A512-8C27CBF53D8F
Change Managed Component Library Link : Designator=C11 Old VaultGUID=B7D15EC3-160A-466F-A46C-7801FE6295A7 New VaultGUID=B7D15EC3-160A-466F-A46C-7801FE6295A7 Old ItemGUID=208F955F-60E5-4621-A2A8-6A1EB957F730 New ItemGUID=95DDB486-72A3-4198-A781-A7670744B25C Old RevisionGUID=4C0D725B-B931-4836-A434-2B2B20CA942D New RevisionGUID=607D2B5E-803C-42BF-A512-8C27CBF53D8F
Change Managed Component Library Link : Designator=C21 Old VaultGUID=B7D15EC3-160A-466F-A46C-7801FE6295A7 New VaultGUID=B7D15EC3-160A-466F-A46C-7801FE6295A7 Old ItemGUID=208F955F-60E5-4621-A2A8-6A1EB957F730 New ItemGUID=95DDB486-72A3-4198-A781-A7670744B25C Old RevisionGUID=4C0D725B-B931-4836-A434-2B2B20CA942D New RevisionGUID=607D2B5E-803C-42BF-A512-8C27CBF53D8F
Change Managed Component Library Link : Designator=C22 Old VaultGUID=B7D15EC3-160A-466F-A46C-7801FE6295A7 New VaultGUID=B7D15EC3-160A-466F-A46C-7801FE6295A7 Old ItemGUID=208F955F-60E5-4621-A2A8-6A1EB957F730 New ItemGUID=95DDB486-72A3-4198-A781-A7670744B25C Old RevisionGUID=4C0D725B-B931-4836-A434-2B2B20CA942D New RevisionGUID=607D2B5E-803C-42BF-A512-8C27CBF53D8F
Change Managed Component Library Link : Designator=C23 Old VaultGUID=B7D15EC3-160A-466F-A46C-7801FE6295A7 New VaultGUID=B7D15EC3-160A-466F-A46C-7801FE6295A7 Old ItemGUID=208F955F-60E5-4621-A2A8-6A1EB957F730 New ItemGUID=95DDB486-72A3-4198-A781-A7670744B25C Old RevisionGUID=4C0D725B-B931-4836-A434-2B2B20CA942D New RevisionGUID=607D2B5E-803C-42BF-A512-8C27CBF53D8F
Change Managed Component Library Link : Designator=C24 Old VaultGUID=B7D15EC3-160A-466F-A46C-7801FE6295A7 New VaultGUID=B7D15EC3-160A-466F-A46C-7801FE6295A7 Old ItemGUID=208F955F-60E5-4621-A2A8-6A1EB957F730 New ItemGUID=95DDB486-72A3-4198-A781-A7670744B25C Old RevisionGUID=4C0D725B-B931-4836-A434-2B2B20CA942D New RevisionGUID=607D2B5E-803C-42BF-A512-8C27CBF53D8F
Change Managed Component Library Link : Designator=C25 Old VaultGUID=B7D15EC3-160A-466F-A46C-7801FE6295A7 New VaultGUID=B7D15EC3-160A-466F-A46C-7801FE6295A7 Old ItemGUID=208F955F-60E5-4621-A2A8-6A1EB957F730 New ItemGUID=95DDB486-72A3-4198-A781-A7670744B25C Old RevisionGUID=4C0D725B-B931-4836-A434-2B2B20CA942D New RevisionGUID=607D2B5E-803C-42BF-A512-8C27CBF53D8F
Change Managed Component Library Link : Designator=C26 Old VaultGUID=B7D15EC3-160A-466F-A46C-7801FE6295A7 New VaultGUID=B7D15EC3-160A-466F-A46C-7801FE6295A7 Old ItemGUID=208F955F-60E5-4621-A2A8-6A1EB957F730 New ItemGUID=95DDB486-72A3-4198-A781-A7670744B25C Old RevisionGUID=4C0D725B-B931-4836-A434-2B2B20CA942D New RevisionGUID=607D2B5E-803C-42BF-A512-8C27CBF53D8F
Change Managed Component Library Link : Designator=C27 Old VaultGUID=B7D15EC3-160A-466F-A46C-7801FE6295A7 New VaultGUID=B7D15EC3-160A-466F-A46C-7801FE6295A7 Old ItemGUID=208F955F-60E5-4621-A2A8-6A1EB957F730 New ItemGUID=95DDB486-72A3-4198-A781-A7670744B25C Old RevisionGUID=4C0D725B-B931-4836-A434-2B2B20CA942D New RevisionGUID=607D2B5E-803C-42BF-A512-8C27CBF53D8F
Change Managed Component Library Link : Designator=C29 Old VaultGUID=B7D15EC3-160A-466F-A46C-7801FE6295A7 New VaultGUID=B7D15EC3-160A-466F-A46C-7801FE6295A7 Old ItemGUID=208F955F-60E5-4621-A2A8-6A1EB957F730 New ItemGUID=95DDB486-72A3-4198-A781-A7670744B25C Old RevisionGUID=4C0D725B-B931-4836-A434-2B2B20CA942D New RevisionGUID=607D2B5E-803C-42BF-A512-8C27CBF53D8F
Change Managed Component Library Link : Designator=C31 Old VaultGUID=B7D15EC3-160A-466F-A46C-7801FE6295A7 New VaultGUID=B7D15EC3-160A-466F-A46C-7801FE6295A7 Old ItemGUID=208F955F-60E5-4621-A2A8-6A1EB957F730 New ItemGUID=95DDB486-72A3-4198-A781-A7670744B25C Old RevisionGUID=4C0D725B-B931-4836-A434-2B2B20CA942D New RevisionGUID=607D2B5E-803C-42BF-A512-8C27CBF53D8F
Change Managed Component Library Link : Designator=C32 Old VaultGUID=B7D15EC3-160A-466F-A46C-7801FE6295A7 New VaultGUID=B7D15EC3-160A-466F-A46C-7801FE6295A7 Old ItemGUID=208F955F-60E5-4621-A2A8-6A1EB957F730 New ItemGUID=95DDB486-72A3-4198-A781-A7670744B25C Old RevisionGUID=4C0D725B-B931-4836-A434-2B2B20CA942D New RevisionGUID=607D2B5E-803C-42BF-A512-8C27CBF53D8F
Change Managed Component Library Link : Designator=C34 Old VaultGUID=B7D15EC3-160A-466F-A46C-7801FE6295A7 New VaultGUID=B7D15EC3-160A-466F-A46C-7801FE6295A7 Old ItemGUID=208F955F-60E5-4621-A2A8-6A1EB957F730 New ItemGUID=95DDB486-72A3-4198-A781-A7670744B25C Old RevisionGUID=4C0D725B-B931-4836-A434-2B2B20CA942D New RevisionGUID=607D2B5E-803C-42BF-A512-8C27CBF53D8F
Change Managed Component Library Link : Designator=C35 Old VaultGUID=B7D15EC3-160A-466F-A46C-7801FE6295A7 New VaultGUID=B7D15EC3-160A-466F-A46C-7801FE6295A7 Old ItemGUID=208F955F-60E5-4621-A2A8-6A1EB957F730 New ItemGUID=95DDB486-72A3-4198-A781-A7670744B25C Old RevisionGUID=4C0D725B-B931-4836-A434-2B2B20CA942D New RevisionGUID=607D2B5E-803C-42BF-A512-8C27CBF53D8F
Change Managed Component Library Link : Designator=C36 Old VaultGUID=B7D15EC3-160A-466F-A46C-7801FE6295A7 New VaultGUID=B7D15EC3-160A-466F-A46C-7801FE6295A7 Old ItemGUID=208F955F-60E5-4621-A2A8-6A1EB957F730 New ItemGUID=95DDB486-72A3-4198-A781-A7670744B25C Old RevisionGUID=4C0D725B-B931-4836-A434-2B2B20CA942D New RevisionGUID=607D2B5E-803C-42BF-A512-8C27CBF53D8F
Change Managed Component Library Link : Designator=C37 Old VaultGUID=B7D15EC3-160A-466F-A46C-7801FE6295A7 New VaultGUID=B7D15EC3-160A-466F-A46C-7801FE6295A7 Old ItemGUID=208F955F-60E5-4621-A2A8-6A1EB957F730 New ItemGUID=95DDB486-72A3-4198-A781-A7670744B25C Old RevisionGUID=4C0D725B-B931-4836-A434-2B2B20CA942D New RevisionGUID=607D2B5E-803C-42BF-A512-8C27CBF53D8F
Change Managed Component Library Link : Designator=C38 Old VaultGUID=B7D15EC3-160A-466F-A46C-7801FE6295A7 New VaultGUID=B7D15EC3-160A-466F-A46C-7801FE6295A7 Old ItemGUID=208F955F-60E5-4621-A2A8-6A1EB957F730 New ItemGUID=95DDB486-72A3-4198-A781-A7670744B25C Old RevisionGUID=4C0D725B-B931-4836-A434-2B2B20CA942D New RevisionGUID=607D2B5E-803C-42BF-A512-8C27CBF53D8F
Change Managed Component Library Link : Designator=C39 Old VaultGUID=B7D15EC3-160A-466F-A46C-7801FE6295A7 New VaultGUID=B7D15EC3-160A-466F-A46C-7801FE6295A7 Old ItemGUID=208F955F-60E5-4621-A2A8-6A1EB957F730 New ItemGUID=95DDB486-72A3-4198-A781-A7670744B25C Old RevisionGUID=4C0D725B-B931-4836-A434-2B2B20CA942D New RevisionGUID=607D2B5E-803C-42BF-A512-8C27CBF53D8F
Change Managed Component Library Link : Designator=C40 Old VaultGUID=B7D15EC3-160A-466F-A46C-7801FE6295A7 New VaultGUID=B7D15EC3-160A-466F-A46C-7801FE6295A7 Old ItemGUID=208F955F-60E5-4621-A2A8-6A1EB957F730 New ItemGUID=95DDB486-72A3-4198-A781-A7670744B25C Old RevisionGUID=4C0D725B-B931-4836-A434-2B2B20CA942D New RevisionGUID=607D2B5E-803C-42BF-A512-8C27CBF53D8F
Change Managed Component Library Link : Designator=C41 Old VaultGUID=B7D15EC3-160A-466F-A46C-7801FE6295A7 New VaultGUID=B7D15EC3-160A-466F-A46C-7801FE6295A7 Old ItemGUID=208F955F-60E5-4621-A2A8-6A1EB957F730 New ItemGUID=95DDB486-72A3-4198-A781-A7670744B25C Old RevisionGUID=4C0D725B-B931-4836-A434-2B2B20CA942D New RevisionGUID=607D2B5E-803C-42BF-A512-8C27CBF53D8F
Change Managed Component Library Link : Designator=C42 Old VaultGUID=B7D15EC3-160A-466F-A46C-7801FE6295A7 New VaultGUID=B7D15EC3-160A-466F-A46C-7801FE6295A7 Old ItemGUID=208F955F-60E5-4621-A2A8-6A1EB957F730 New ItemGUID=95DDB486-72A3-4198-A781-A7670744B25C Old RevisionGUID=4C0D725B-B931-4836-A434-2B2B20CA942D New RevisionGUID=607D2B5E-803C-42BF-A512-8C27CBF53D8F
Change Managed Component Library Link : Designator=C43 Old VaultGUID=B7D15EC3-160A-466F-A46C-7801FE6295A7 New VaultGUID=B7D15EC3-160A-466F-A46C-7801FE6295A7 Old ItemGUID=208F955F-60E5-4621-A2A8-6A1EB957F730 New ItemGUID=95DDB486-72A3-4198-A781-A7670744B25C Old RevisionGUID=4C0D725B-B931-4836-A434-2B2B20CA942D New RevisionGUID=607D2B5E-803C-42BF-A512-8C27CBF53D8F
Change Managed Component Library Link : Designator=C44 Old VaultGUID=B7D15EC3-160A-466F-A46C-7801FE6295A7 New VaultGUID=B7D15EC3-160A-466F-A46C-7801FE6295A7 Old ItemGUID=208F955F-60E5-4621-A2A8-6A1EB957F730 New ItemGUID=95DDB486-72A3-4198-A781-A7670744B25C Old RevisionGUID=4C0D725B-B931-4836-A434-2B2B20CA942D New RevisionGUID=607D2B5E-803C-42BF-A512-8C27CBF53D8F
Change Managed Component Library Link : Designator=C45 Old VaultGUID=B7D15EC3-160A-466F-A46C-7801FE6295A7 New VaultGUID=B7D15EC3-160A-466F-A46C-7801FE6295A7 Old ItemGUID=208F955F-60E5-4621-A2A8-6A1EB957F730 New ItemGUID=95DDB486-72A3-4198-A781-A7670744B25C Old RevisionGUID=4C0D725B-B931-4836-A434-2B2B20CA942D New RevisionGUID=607D2B5E-803C-42BF-A512-8C27CBF53D8F
Change Managed Component Library Link : Designator=C46 Old VaultGUID=B7D15EC3-160A-466F-A46C-7801FE6295A7 New VaultGUID=B7D15EC3-160A-466F-A46C-7801FE6295A7 Old ItemGUID=208F955F-60E5-4621-A2A8-6A1EB957F730 New ItemGUID=95DDB486-72A3-4198-A781-A7670744B25C Old RevisionGUID=4C0D725B-B931-4836-A434-2B2B20CA942D New RevisionGUID=607D2B5E-803C-42BF-A512-8C27CBF53D8F
Change Managed Component Library Link : Designator=C47 Old VaultGUID=B7D15EC3-160A-466F-A46C-7801FE6295A7 New VaultGUID=B7D15EC3-160A-466F-A46C-7801FE6295A7 Old ItemGUID=208F955F-60E5-4621-A2A8-6A1EB957F730 New ItemGUID=95DDB486-72A3-4198-A781-A7670744B25C Old RevisionGUID=4C0D725B-B931-4836-A434-2B2B20CA942D New RevisionGUID=607D2B5E-803C-42BF-A512-8C27CBF53D8F
Change component parameters: Designator = "C1" ("C1"); Footprint = "FP-0603-L_1_6_0_15-W_0_81-IPC_A"; UniqueID = "\GHLUEHZH" ("\GHLUEHZH")
Change component parameters (AddParameter): Name = "Manufacturer"; Value = "AVX Interconnect / Elco"; VariantName = "[No Variations]"
Change component parameters (AddParameter): Name = "Part Number"; Value = "TACL105M006XTA"; VariantName = "[No Variations]"
Change component parameters: Designator = "C2" ("C2"); Footprint = "FP-0603-L_1_6_0_15-W_0_81-IPC_A"; UniqueID = "\QYEGKXDW" ("\QYEGKXDW")
Change component parameters (AddParameter): Name = "Manufacturer"; Value = "AVX Interconnect / Elco"; VariantName = "[No Variations]"
Change component parameters (AddParameter): Name = "Part Number"; Value = "TACL105M006XTA"; VariantName = "[No Variations]"
Change component parameters: Designator = "C4" ("C4"); Footprint = "FP-0603-L_1_6_0_15-W_0_81-IPC_A"; UniqueID = "\BRTBYZOR" ("\BRTBYZOR")
Change component parameters (AddParameter): Name = "Manufacturer"; Value = "AVX Interconnect / Elco"; VariantName = "[No Variations]"
Change component parameters (AddParameter): Name = "Part Number"; Value = "TACL105M006XTA"; VariantName = "[No Variations]"
Change component parameters: Designator = "C5" ("C5"); Footprint = "FP-0603-L_1_6_0_15-W_0_81-IPC_A"; UniqueID = "\UVDVCLUN" ("\UVDVCLUN")
Change component parameters (AddParameter): Name = "Manufacturer"; Value = "AVX Interconnect / Elco"; VariantName = "[No Variations]"
Change component parameters (AddParameter): Name = "Part Number"; Value = "TACL105M006XTA"; VariantName = "[No Variations]"
Change component parameters: Designator = "C6" ("C6"); Footprint = "FP-0603-L_1_6_0_15-W_0_81-IPC_A"; UniqueID = "\BMXSEQCZ" ("\BMXSEQCZ")
Change component parameters (AddParameter): Name = "Manufacturer"; Value = "AVX Interconnect / Elco"; VariantName = "[No Variations]"
Change component parameters (AddParameter): Name = "Part Number"; Value = "TACL105M006XTA"; VariantName = "[No Variations]"
Change component parameters: Designator = "C7" ("C7"); Footprint = "FP-0603-L_1_6_0_15-W_0_81-IPC_A"; UniqueID = "\QLTKYGHE" ("\QLTKYGHE")
Change component parameters (AddParameter): Name = "Manufacturer"; Value = "AVX Interconnect / Elco"; VariantName = "[No Variations]"
Change component parameters (AddParameter): Name = "Part Number"; Value = "TACL105M006XTA"; VariantName = "[No Variations]"
Change component parameters: Designator = "C8" ("C8"); Footprint = "FP-0603-L_1_6_0_15-W_0_81-IPC_A"; UniqueID = "\EZNHCPQX" ("\EZNHCPQX")
Change component parameters (AddParameter): Name = "Manufacturer"; Value = "AVX Interconnect / Elco"; VariantName = "[No Variations]"
Change component parameters (AddParameter): Name = "Part Number"; Value = "TACL105M006XTA"; VariantName = "[No Variations]"
Change component parameters: Designator = "C9" ("C9"); Footprint = "FP-0603-L_1_6_0_15-W_0_81-IPC_A"; UniqueID = "\VWJNJDWZ" ("\VWJNJDWZ")
Change component parameters (AddParameter): Name = "Manufacturer"; Value = "AVX Interconnect / Elco"; VariantName = "[No Variations]"
Change component parameters (AddParameter): Name = "Part Number"; Value = "TACL105M006XTA"; VariantName = "[No Variations]"
Change component parameters: Designator = "C10" ("C10"); Footprint = "FP-0603-L_1_6_0_15-W_0_81-IPC_A"; UniqueID = "\RSKDCERM" ("\RSKDCERM")
Change component parameters (AddParameter): Name = "Manufacturer"; Value = "AVX Interconnect / Elco"; VariantName = "[No Variations]"
Change component parameters (AddParameter): Name = "Part Number"; Value = "TACL105M006XTA"; VariantName = "[No Variations]"
Change component parameters: Designator = "C11" ("C11"); Footprint = "FP-0603-L_1_6_0_15-W_0_81-IPC_A"; UniqueID = "\QFYOFJVQ" ("\QFYOFJVQ")
Change component parameters (AddParameter): Name = "Manufacturer"; Value = "AVX Interconnect / Elco"; VariantName = "[No Variations]"
Change component parameters (AddParameter): Name = "Part Number"; Value = "TACL105M006XTA"; VariantName = "[No Variations]"
Change component parameters: Designator = "C21" ("C21"); Footprint = "FP-0603-L_1_6_0_15-W_0_81-IPC_A"; UniqueID = "\VPYBMJGW" ("\VPYBMJGW")
Change component parameters (AddParameter): Name = "Manufacturer"; Value = "AVX Interconnect / Elco"; VariantName = "[No Variations]"
Change component parameters (AddParameter): Name = "Part Number"; Value = "TACL105M006XTA"; VariantName = "[No Variations]"
Change component parameters: Designator = "C22" ("C22"); Footprint = "FP-0603-L_1_6_0_15-W_0_81-IPC_A"; UniqueID = "\LGGNTXBI" ("\LGGNTXBI")
Change component parameters (AddParameter): Name = "Manufacturer"; Value = "AVX Interconnect / Elco"; VariantName = "[No Variations]"
Change component parameters (AddParameter): Name = "Part Number"; Value = "TACL105M006XTA"; VariantName = "[No Variations]"
Change component parameters: Designator = "C23" ("C23"); Footprint = "FP-0603-L_1_6_0_15-W_0_81-IPC_A"; UniqueID = "\ZVSAJJNI" ("\ZVSAJJNI")
Change component parameters (AddParameter): Name = "Manufacturer"; Value = "AVX Interconnect / Elco"; VariantName = "[No Variations]"
Change component parameters (AddParameter): Name = "Part Number"; Value = "TACL105M006XTA"; VariantName = "[No Variations]"
Change component parameters: Designator = "C24" ("C24"); Footprint = "FP-0603-L_1_6_0_15-W_0_81-IPC_A"; UniqueID = "\CRXFWNHI" ("\CRXFWNHI")
Change component parameters (AddParameter): Name = "Manufacturer"; Value = "AVX Interconnect / Elco"; VariantName = "[No Variations]"
Change component parameters (AddParameter): Name = "Part Number"; Value = "TACL105M006XTA"; VariantName = "[No Variations]"
Change component parameters: Designator = "C25" ("C25"); Footprint = "FP-0603-L_1_6_0_15-W_0_81-IPC_A"; UniqueID = "\EFRLSIHZ" ("\EFRLSIHZ")
Change component parameters (AddParameter): Name = "Manufacturer"; Value = "AVX Interconnect / Elco"; VariantName = "[No Variations]"
Change component parameters (AddParameter): Name = "Part Number"; Value = "TACL105M006XTA"; VariantName = "[No Variations]"
Change component parameters: Designator = "C26" ("C26"); Footprint = "FP-0603-L_1_6_0_15-W_0_81-IPC_A"; UniqueID = "\QNKUWDZB" ("\QNKUWDZB")
Change component parameters (AddParameter): Name = "Manufacturer"; Value = "AVX Interconnect / Elco"; VariantName = "[No Variations]"
Change component parameters (AddParameter): Name = "Part Number"; Value = "TACL105M006XTA"; VariantName = "[No Variations]"
Change component parameters: Designator = "C27" ("C27"); Footprint = "FP-0603-L_1_6_0_15-W_0_81-IPC_A"; UniqueID = "\EYKEUVYZ" ("\EYKEUVYZ")
Change component parameters (AddParameter): Name = "Manufacturer"; Value = "AVX Interconnect / Elco"; VariantName = "[No Variations]"
Change component parameters (AddParameter): Name = "Part Number"; Value = "TACL105M006XTA"; VariantName = "[No Variations]"
Change component parameters: Designator = "C29" ("C29"); Footprint = "FP-0603-L_1_6_0_15-W_0_81-IPC_A"; UniqueID = "\YNKCKIYQ" ("\YNKCKIYQ")
Change component parameters (AddParameter): Name = "Manufacturer"; Value = "AVX Interconnect / Elco"; VariantName = "[No Variations]"
Change component parameters (AddParameter): Name = "Part Number"; Value = "TACL105M006XTA"; VariantName = "[No Variations]"
Change component parameters: Designator = "C31" ("C31"); Footprint = "FP-0603-L_1_6_0_15-W_0_81-IPC_A"; UniqueID = "\LHKGNCRB" ("\LHKGNCRB")
Change component parameters (AddParameter): Name = "Manufacturer"; Value = "AVX Interconnect / Elco"; VariantName = "[No Variations]"
Change component parameters (AddParameter): Name = "Part Number"; Value = "TACL105M006XTA"; VariantName = "[No Variations]"
Change component parameters: Designator = "C32" ("C32"); Footprint = "FP-0603-L_1_6_0_15-W_0_81-IPC_A"; UniqueID = "\NGFDHRQC" ("\NGFDHRQC")
Change component parameters (AddParameter): Name = "Manufacturer"; Value = "AVX Interconnect / Elco"; VariantName = "[No Variations]"
Change component parameters (AddParameter): Name = "Part Number"; Value = "TACL105M006XTA"; VariantName = "[No Variations]"
Change component parameters: Designator = "C34" ("C34"); Footprint = "FP-0603-L_1_6_0_15-W_0_81-IPC_A"; UniqueID = "\UXDKQTBM" ("\UXDKQTBM")
Change component parameters (AddParameter): Name = "Manufacturer"; Value = "AVX Interconnect / Elco"; VariantName = "[No Variations]"
Change component parameters (AddParameter): Name = "Part Number"; Value = "TACL105M006XTA"; VariantName = "[No Variations]"
Change component parameters: Designator = "C35" ("C35"); Footprint = "FP-0603-L_1_6_0_15-W_0_81-IPC_A"; UniqueID = "\NWVYNTFJ" ("\NWVYNTFJ")
Change component parameters (AddParameter): Name = "Manufacturer"; Value = "AVX Interconnect / Elco"; VariantName = "[No Variations]"
Change component parameters (AddParameter): Name = "Part Number"; Value = "TACL105M006XTA"; VariantName = "[No Variations]"
Change component parameters: Designator = "C36" ("C36"); Footprint = "FP-0603-L_1_6_0_15-W_0_81-IPC_A"; UniqueID = "\NSQMAKFP" ("\NSQMAKFP")
Change component parameters (AddParameter): Name = "Manufacturer"; Value = "AVX Interconnect / Elco"; VariantName = "[No Variations]"
Change component parameters (AddParameter): Name = "Part Number"; Value = "TACL105M006XTA"; VariantName = "[No Variations]"
Change component parameters: Designator = "C37" ("C37"); Footprint = "FP-0603-L_1_6_0_15-W_0_81-IPC_A"; UniqueID = "\ENNXIGGU" ("\ENNXIGGU")
Change component parameters (AddParameter): Name = "Manufacturer"; Value = "AVX Interconnect / Elco"; VariantName = "[No Variations]"
Change component parameters (AddParameter): Name = "Part Number"; Value = "TACL105M006XTA"; VariantName = "[No Variations]"
Change component parameters: Designator = "C38" ("C38"); Footprint = "FP-0603-L_1_6_0_15-W_0_81-IPC_A"; UniqueID = "\KKIROWUM" ("\KKIROWUM")
Change component parameters (AddParameter): Name = "Manufacturer"; Value = "AVX Interconnect / Elco"; VariantName = "[No Variations]"
Change component parameters (AddParameter): Name = "Part Number"; Value = "TACL105M006XTA"; VariantName = "[No Variations]"
Change component parameters: Designator = "C39" ("C39"); Footprint = "FP-0603-L_1_6_0_15-W_0_81-IPC_A"; UniqueID = "\UCAKVTMR" ("\UCAKVTMR")
Change component parameters (AddParameter): Name = "Manufacturer"; Value = "AVX Interconnect / Elco"; VariantName = "[No Variations]"
Change component parameters (AddParameter): Name = "Part Number"; Value = "TACL105M006XTA"; VariantName = "[No Variations]"
Change component parameters: Designator = "C40" ("C40"); Footprint = "FP-0603-L_1_6_0_15-W_0_81-IPC_A"; UniqueID = "\JDGUUSLZ" ("\JDGUUSLZ")
Change component parameters (AddParameter): Name = "Manufacturer"; Value = "AVX Interconnect / Elco"; VariantName = "[No Variations]"
Change component parameters (AddParameter): Name = "Part Number"; Value = "TACL105M006XTA"; VariantName = "[No Variations]"
Change component parameters: Designator = "C41" ("C41"); Footprint = "FP-0603-L_1_6_0_15-W_0_81-IPC_A"; UniqueID = "\SBTZQZTK" ("\SBTZQZTK")
Change component parameters (AddParameter): Name = "Manufacturer"; Value = "AVX Interconnect / Elco"; VariantName = "[No Variations]"
Change component parameters (AddParameter): Name = "Part Number"; Value = "TACL105M006XTA"; VariantName = "[No Variations]"
Change component parameters: Designator = "C42" ("C42"); Footprint = "FP-0603-L_1_6_0_15-W_0_81-IPC_A"; UniqueID = "\NEVVXXYF" ("\NEVVXXYF")
Change component parameters (AddParameter): Name = "Manufacturer"; Value = "AVX Interconnect / Elco"; VariantName = "[No Variations]"
Change component parameters (AddParameter): Name = "Part Number"; Value = "TACL105M006XTA"; VariantName = "[No Variations]"
Change component parameters: Designator = "C43" ("C43"); Footprint = "FP-0603-L_1_6_0_15-W_0_81-IPC_A"; UniqueID = "\MZUUOHPY" ("\MZUUOHPY")
Change component parameters (AddParameter): Name = "Manufacturer"; Value = "AVX Interconnect / Elco"; VariantName = "[No Variations]"
Change component parameters (AddParameter): Name = "Part Number"; Value = "TACL105M006XTA"; VariantName = "[No Variations]"
Change component parameters: Designator = "C44" ("C44"); Footprint = "FP-0603-L_1_6_0_15-W_0_81-IPC_A"; UniqueID = "\BNXKYLFN" ("\BNXKYLFN")
Change component parameters (AddParameter): Name = "Manufacturer"; Value = "AVX Interconnect / Elco"; VariantName = "[No Variations]"
Change component parameters (AddParameter): Name = "Part Number"; Value = "TACL105M006XTA"; VariantName = "[No Variations]"
Change component parameters: Designator = "C45" ("C45"); Footprint = "FP-0603-L_1_6_0_15-W_0_81-IPC_A"; UniqueID = "\AYEMOTER" ("\AYEMOTER")
Change component parameters (AddParameter): Name = "Manufacturer"; Value = "AVX Interconnect / Elco"; VariantName = "[No Variations]"
Change component parameters (AddParameter): Name = "Part Number"; Value = "TACL105M006XTA"; VariantName = "[No Variations]"
Change component parameters: Designator = "C46" ("C46"); Footprint = "FP-0603-L_1_6_0_15-W_0_81-IPC_A"; UniqueID = "\UYXUTWHZ" ("\UYXUTWHZ")
Change component parameters (AddParameter): Name = "Manufacturer"; Value = "AVX Interconnect / Elco"; VariantName = "[No Variations]"
Change component parameters (AddParameter): Name = "Part Number"; Value = "TACL105M006XTA"; VariantName = "[No Variations]"
Change component parameters: Designator = "C47" ("C47"); Footprint = "FP-0603-L_1_6_0_15-W_0_81-IPC_A"; UniqueID = "\PDTYACNO" ("\PDTYACNO")
Change component parameters (AddParameter): Name = "Manufacturer"; Value = "AVX Interconnect / Elco"; VariantName = "[No Variations]"
Change component parameters (AddParameter): Name = "Part Number"; Value = "TACL105M006XTA"; VariantName = "[No Variations]"
Added Pin To Net: NetName=GND Pin=C1-1
Added Pin To Net: NetName=3.3V Pin=C1-2
Added Pin To Net: NetName=GND Pin=C2-1
Added Pin To Net: NetName=1.65V Pin=C2-2
Added Pin To Net: NetName=GND Pin=C4-1
Added Pin To Net: NetName=24V Pin=C4-2
Added Pin To Net: NetName=GND Pin=C5-1
Added Pin To Net: NetName=15V Pin=C5-2
Added Pin To Net: NetName=GND Pin=C6-1
Added Pin To Net: NetName=3.3V Pin=C6-2
Added Pin To Net: NetName=GND Pin=C7-1
Added Pin To Net: NetName=24V Pin=C7-2
Added Pin To Net: NetName=GND Pin=C8-1
Added Pin To Net: NetName=5V Pin=C8-2
Added Pin To Net: NetName=GND Pin=C9-1
Added Pin To Net: NetName=24V Pin=C9-2
Added Pin To Net: NetName=GND Pin=C10-1
Added Pin To Net: NetName=3.3V Pin=C10-2
Added Pin To Net: NetName=GND Pin=C11-1
Added Pin To Net: NetName=3.3V Pin=C11-2
Added Pin To Net: NetName=GND Pin=C21-1
Added Pin To Net: NetName=15V Pin=C21-2
Added Pin To Net: NetName=GND Pin=C22-1
Added Pin To Net: NetName=15V Pin=C22-2
Added Pin To Net: NetName=GND Pin=C23-1
Added Pin To Net: NetName=15V Pin=C23-2
Added Pin To Net: NetName=GND Pin=C24-1
Added Pin To Net: NetName=15V Pin=C24-2
Added Pin To Net: NetName=GND Pin=C25-1
Added Pin To Net: NetName=MCUIUSENS Pin=C25-2
Added Pin To Net: NetName=GND Pin=C26-1
Added Pin To Net: NetName=3.3V Pin=C26-2
Added Pin To Net: NetName=GND Pin=C27-1
Added Pin To Net: NetName=1.65V Pin=C27-2
Added Pin To Net: NetName=NetC28_2 Pin=C29-1
Added Pin To Net: NetName=NetC28_1 Pin=C29-2
Added Pin To Net: NetName=NetC30_2 Pin=C31-1
Added Pin To Net: NetName=NetC30_1 Pin=C31-2
Added Pin To Net: NetName=GND Pin=C32-1
Added Pin To Net: NetName=48V Pin=C32-2
Added Pin To Net: NetName=NetC33_2 Pin=C34-1
Added Pin To Net: NetName=NetC33_1 Pin=C34-2
Added Pin To Net: NetName=GND Pin=C35-1
Added Pin To Net: NetName=MCUIVSENS Pin=C35-2
Added Pin To Net: NetName=GND Pin=C36-1
Added Pin To Net: NetName=3.3V Pin=C36-2
Added Pin To Net: NetName=GND Pin=C37-1
Added Pin To Net: NetName=1.65V Pin=C37-2
Added Pin To Net: NetName=GND Pin=C38-1
Added Pin To Net: NetName=GND Pin=C39-1
Added Pin To Net: NetName=GND Pin=C40-1
Added Pin To Net: NetName=GND Pin=C41-1
Added Pin To Net: NetName=GND Pin=C42-1
Added Pin To Net: NetName=GND Pin=C43-1
Added Pin To Net: NetName=GND Pin=C44-1
Added Pin To Net: NetName=MCUINVFLT Pin=C44-2
Added Pin To Net: NetName=GND Pin=C45-1
Added Pin To Net: NetName=NetC45_1 Pin=C45-2
Added Pin To Net: NetName=GND Pin=C46-1
Added Pin To Net: NetName=MCUINVTEMP Pin=C46-2
Added Pin To Net: NetName=GND Pin=C47-1
Added Pin To Net: NetName=MCUINVTEMP Pin=C47-2
Added Pin To Net: NetName=MCUINVTEMP Pin=R25-1
Added Pin To Net: NetName=MCUINVTEMP Pin=U9-8
Change Net Name : Old Net Name=NetC45_1 New Net Name=NetC45_2
Added Pin To Net: NetName=NetC38_2 Pin=C38-2
Added Pin To Net: NetName=NetC38_2 Pin=R18-1
Added Pin To Net: NetName=NetC38_2 Pin=U9-9
Added Net: Name=NetC38_2
Added Pin To Net: NetName=NetC39_2 Pin=C39-2
Added Pin To Net: NetName=NetC39_2 Pin=R17-1
Added Pin To Net: NetName=NetC39_2 Pin=U9-13
Added Net: Name=NetC39_2
Added Pin To Net: NetName=NetC40_2 Pin=C40-2
Added Pin To Net: NetName=NetC40_2 Pin=R16-1
Added Pin To Net: NetName=NetC40_2 Pin=U9-17
Added Net: Name=NetC40_2
Added Pin To Net: NetName=NetC41_2 Pin=C41-2
Added Pin To Net: NetName=NetC41_2 Pin=R24-1
Added Pin To Net: NetName=NetC41_2 Pin=U9-3
Added Net: Name=NetC41_2
Added Pin To Net: NetName=NetC42_2 Pin=C42-2
Added Pin To Net: NetName=NetC42_2 Pin=R23-1
Added Pin To Net: NetName=NetC42_2 Pin=U9-4
Added Net: Name=NetC42_2
Added Pin To Net: NetName=NetC43_2 Pin=C43-2
Added Pin To Net: NetName=NetC43_2 Pin=R22-1
Added Pin To Net: NetName=NetC43_2 Pin=U9-5
Added Net: Name=NetC43_2
