Change Footprint: Footprint Not Found RES_BR3_STP
Change Component Footprint: Designator=C15 Old Footprint=RAD-0.3 New Footprint=CAPPRD500W60D1000H1600
Add Component: Footprint Not Found DIPS762W60P254L1016H525Q8N
Add Pin To Net: Unknown Pin: Pin *1-1
Add Pin To Net: Unknown Pin: Pin *1-2
Add Pin To Net: Unknown Pin: Pin *1-3
Add Pin To Net: Unknown Pin: Pin *1-4
Add Pin To Net: Unknown Pin: Pin *1-5
Add Pin To Net: Unknown Pin: Pin *1-6
Add Pin To Net: Unknown Pin: Pin *1-7
Add Pin To Net: Unknown Pin: Pin *1-8
Add Pin To Net: Unknown Pin: Pin *1-9
Add Pin To Net: Unknown Pin: Pin *1-10
Add Pin To Net: Unknown Pin: Pin *1-16
Add Pin To Net: Unknown Pin: Pin *1-17
Add Pin To Net: Unknown Pin: Pin *1-18
Add Pin To Net: Unknown Pin: Pin *1-19
Add Pin To Net: Unknown Pin: Pin *1-20
Added Pin To Net: NetName=48V Pin=C15-N
Added Pin To Net: NetName=48V Pin=C15-P
Add Pin To Net: Unknown Pin: Pin D2-+
Add Pin To Net: Unknown Pin: Pin D2--
Add Pin To Net: Unknown Pin: Pin D3-+
Add Pin To Net: Unknown Pin: Pin D3--
Add Pin To Net: Unknown Pin: Pin D4-+
Add Pin To Net: Unknown Pin: Pin D4--
Add Pin To Net: Unknown Pin: Pin D5-+
Add Pin To Net: Unknown Pin: Pin D5--
Add Pin To Net: Unknown Pin: Pin D6-+
Add Pin To Net: Unknown Pin: Pin D6--
Add Pin To Net: Unknown Pin: Pin J3-1
Add Pin To Net: Unknown Pin: Pin J3-2
Add Pin To Net: Unknown Pin: Pin J3-3
Add Pin To Net: Unknown Pin: Pin J3-4
Add Pin To Net: Unknown Pin: Pin J3-5
Add Pin To Net: Unknown Pin: Pin J3-6
Add Pin To Net: Unknown Pin: Pin J3-7
Add Pin To Net: Unknown Pin: Pin J3-8
Add Pin To Net: Unknown Pin: Pin PS1-1
Add Pin To Net: Unknown Pin: Pin PS1-2
Add Pin To Net: Unknown Pin: Pin PS1-3
Add Pin To Net: Unknown Pin: Pin PS2-1
Add Pin To Net: Unknown Pin: Pin PS2-2
Add Pin To Net: Unknown Pin: Pin PS2-3
Add Pin To Net: Unknown Pin: Pin PS3-1
Add Pin To Net: Unknown Pin: Pin PS3-2
Add Pin To Net: Unknown Pin: Pin PS3-3
Add Pin To Net: Unknown Pin: Pin RA1-1
Add Pin To Net: Unknown Pin: Pin RA1-2
Add Pin To Net: Unknown Pin: Pin RA1-3
Add Pin To Net: Unknown Pin: Pin RA1-4
Add Pin To Net: Unknown Pin: Pin TP1-1
Add Pin To Net: Unknown Pin: Pin TP2-1
Add Pin To Net: Unknown Pin: Pin TP3-1
Add Pin To Net: Unknown Pin: Pin TP4-1
Add Pin To Net: Unknown Pin: Pin TP5-1
Add Pin To Net: Unknown Pin: Pin TP6-1
Add Pin To Net: Unknown Pin: Pin TP7-1
Add Pin To Net: Unknown Pin: Pin TP8-1
Add Pin To Net: Unknown Pin: Pin TP9-1
Add Pin To Net: Unknown Pin: Pin TP10-1
Add Pin To Net: Unknown Pin: Pin TP11-1
Add Pin To Net: Unknown Pin: Pin TP12-1
Add Pin To Net: Unknown Pin: Pin TP13-1
Add Pin To Net: Unknown Pin: Pin TP14-1
Add Pin To Net: Unknown Pin: Pin TP15-1
Add Pin To Net: Unknown Pin: Pin TP16-1
Add Pin To Net: Unknown Pin: Pin TP17-1
Add Pin To Net: Unknown Pin: Pin TP18-1
Add Pin To Net: Unknown Pin: Pin TP19-1
Add Pin To Net: Unknown Pin: Pin U1-1
Add Pin To Net: Unknown Pin: Pin U1-2
Add Pin To Net: Unknown Pin: Pin U1-3
Add Pin To Net: Unknown Pin: Pin U1-4
Add Pin To Net: Unknown Pin: Pin U1-5
Add Pin To Net: Unknown Pin: Pin U1-6
Add Pin To Net: Unknown Pin: Pin U1-7
Add Pin To Net: Unknown Pin: Pin U1-8
Add Pin To Net: Unknown Pin: Pin U2-1
Add Pin To Net: Unknown Pin: Pin U2-2
Add Pin To Net: Unknown Pin: Pin U2-3
Add Pin To Net: Unknown Pin: Pin U2-4
Add Pin To Net: Unknown Pin: Pin U2-5
Add Pin To Net: Unknown Pin: Pin U3-1
Add Pin To Net: Unknown Pin: Pin U3-2
Add Pin To Net: Unknown Pin: Pin U3-3
Add Pin To Net: Unknown Pin: Pin U3-4
Add Pin To Net: Unknown Pin: Pin U3-5
Add Pin To Net: Unknown Pin: Pin U6-1
Add Pin To Net: Unknown Pin: Pin U6-2
Add Pin To Net: Unknown Pin: Pin U6-3
Add Pin To Net: Unknown Pin: Pin U6-4
Add Pin To Net: Unknown Pin: Pin U6-5
Add Pin To Net: Unknown Pin: Pin U7-1
Add Pin To Net: Unknown Pin: Pin U7-2
Add Pin To Net: Unknown Pin: Pin U7-3
Add Pin To Net: Unknown Pin: Pin U7-4
Add Pin To Net: Unknown Pin: Pin U7-5
Add Pin To Net: Unknown Pin: Pin U7-6
Add Pin To Net: Unknown Pin: Pin U7-7
Add Pin To Net: Unknown Pin: Pin U7-8
Add Pin To Net: Unknown Pin: Pin U8-1
Add Pin To Net: Unknown Pin: Pin U8-2
Add Pin To Net: Unknown Pin: Pin U8-3
Add Pin To Net: Unknown Pin: Pin U8-4
Add Pin To Net: Unknown Pin: Pin U8-5
Add Pin To Net: Unknown Pin: Pin U8-6
Add Pin To Net: Unknown Pin: Pin U8-7
Add Pin To Net: Unknown Pin: Pin U8-8
Add Class Member: Failed to add class member : Component *1 SN74LVC245A
Add Class Member: Failed to add class member : Component D2 LED
Add Class Member: Failed to add class member : Component D3 LED
Add Class Member: Failed to add class member : Component D4 LED
Add Class Member: Failed to add class member : Component D5 LED
Add Class Member: Failed to add class member : Component D6 LED
Add Class Member: Failed to add class member : Component J3 DILB8P-223TLF
Add Class Member: Failed to add class member : Component PS1 P78E-1000
Add Class Member: Failed to add class member : Component PS2 P78E-1000
Add Class Member: Failed to add class member : Component PS3 P78E-1000
Add Class Member: Failed to add class member : Component RA1 ACASN2001S2001P1AT
Add Class Member: Failed to add class member : Component TP1 Test Point
Add Class Member: Failed to add class member : Component TP2 Test Point
Add Class Member: Failed to add class member : Component TP3 Test Point
Add Class Member: Failed to add class member : Component TP4 Test Point
Add Class Member: Failed to add class member : Component TP5 Test Point
Add Class Member: Failed to add class member : Component TP6 Test Point
Add Class Member: Failed to add class member : Component TP7 Test Point
Add Class Member: Failed to add class member : Component TP8 Test Point
Add Class Member: Failed to add class member : Component TP9 Test Point
Add Class Member: Failed to add class member : Component TP10 Test Point
Add Class Member: Failed to add class member : Component TP11 Test Point
Add Class Member: Failed to add class member : Component TP12 Test Point
Add Class Member: Failed to add class member : Component TP13 Test Point
Add Class Member: Failed to add class member : Component TP14 Test Point
Add Class Member: Failed to add class member : Component TP15 Test Point
Add Class Member: Failed to add class member : Component TP16 Test Point
Add Class Member: Failed to add class member : Component TP17 Test Point
Add Class Member: Failed to add class member : Component TP18 Test Point
Add Class Member: Failed to add class member : Component TP19 Test Point
Add Class Member: Failed to add class member : Component U1 INA155U
Add Class Member: Failed to add class member : Component U2 MCP6001T
Add Class Member: Failed to add class member : Component U3 MCP6001T
Add Class Member: Failed to add class member : Component U6 MCP6001T
Add Class Member: Failed to add class member : Component U7 MLX91221KDC-ABF-050-SP
Add Class Member: Failed to add class member : Component U8 MLX91221KDC-ABF-050-SP
