Removed Pin From Net: NetName=48V Pin=C15-1
Removed Pin From Net: NetName=48V Pin=C15-2
Change Component Footprint: Designator=C3 Old Footprint=FP-0603-L_1_6_0_15-W_0_81-IPC_A New Footprint=CAP_EEEFK1V180SR
Change Footprint: Footprint Not Found RES_BR3_STP
Change Footprint: Footprint Not Found CAPPRD500W60D1000H1600
Change Component Comment : Designator=C3 Old Comment=0603 20uf New Comment=18uF
Change Component Comment : Designator=C15 Old Comment=Cap New Comment=68uF
Change Managed Component Library Link : Designator=C3 Old VaultGUID=B7D15EC3-160A-466F-A46C-7801FE6295A7 New VaultGUID= Old ItemGUID=208F955F-60E5-4621-A2A8-6A1EB957F730 New ItemGUID= Old RevisionGUID=4C0D725B-B931-4836-A434-2B2B20CA942D New RevisionGUID=
Change Managed Component Library Link : Designator=R1 Old VaultGUID=B7D15EC3-160A-466F-A46C-7801FE6295A7 New VaultGUID= Old ItemGUID=076CF680-1F18-4AD4-981B-11246F61618B New ItemGUID= Old RevisionGUID=B4D44B89-8EC2-43F1-B053-7817ED2FF889 New RevisionGUID=
Change component parameters: Designator = "C3" ("C3"); Footprint = "FP-0603-L_1_6_0_15-W_0_81-IPC_A"; UniqueID = "\MMYGVNQF" ("\MMYGVNQF")
Change component parameters (AddParameter): Name = "Check_prices"; Value = "https://www.snapeda.com/parts/EEEFK1V180SR/Panasonic/view-part/?ref=eda"; VariantName = "[No Variations]"
Change component parameters (AddParameter): Name = "Digi-Key_Part_Number"; Value = "PCE5153TR-ND"; VariantName = "[No Variations]"
Change component parameters (AddParameter): Name = "MF"; Value = "Panasonic"; VariantName = "[No Variations]"
Change component parameters (AddParameter): Name = "MP"; Value = "EEEFK1V180SR"; VariantName = "[No Variations]"
Change component parameters (AddParameter): Name = "Package"; Value = "RADIAL-2 Panasonic"; VariantName = "[No Variations]"
Change component parameters (AddParameter): Name = "Purchase-URL"; Value = "https://pricing.snapeda.com/search/part/EEEFK1V180SR/?ref=eda"; VariantName = "[No Variations]"
Change component parameters (AddParameter): Name = "SnapEDA_Link"; Value = "https://www.snapeda.com/parts/EEEFK1V180SR/Panasonic/view-part/?ref=snap"; VariantName = "[No Variations]"
Change component parameters (AddParameter): Name = "Value"; Value = ""; VariantName = "[No Variations]"
Change component parameters: Designator = "C15" ("C15"); Footprint = "RAD-0.3"; UniqueID = "\IXETLNAU" ("\IXETLNAU")
Change component parameters (AddParameter): Name = "Check_prices"; Value = "https://www.snapeda.com/parts/EEUFS2A680B/Panasonic/view-part/?ref=eda"; VariantName = "[No Variations]"
Change component parameters (AddParameter): Name = "Digi-Key_Part_Number"; Value = "PCE5193CT-ND"; VariantName = "[No Variations]"
Change component parameters (AddParameter): Name = "MF"; Value = "Panasonic"; VariantName = "[No Variations]"
Change component parameters (AddParameter): Name = "MP"; Value = "EEUFS2A680B"; VariantName = "[No Variations]"
Change component parameters (AddParameter): Name = "Package"; Value = "RADIAL-2 Panasonic"; VariantName = "[No Variations]"
Change component parameters (AddParameter): Name = "Purchase-URL"; Value = "https://pricing.snapeda.com/search/part/EEUFS2A680B/?ref=eda"; VariantName = "[No Variations]"
Change component parameters (AddParameter): Name = "SnapEDA_Link"; Value = "https://www.snapeda.com/parts/EEUFS2A680B/Panasonic/view-part/?ref=snap"; VariantName = "[No Variations]"
Change component parameters (AddParameter): Name = "Value"; Value = ""; VariantName = "[No Variations]"
Change component parameters: Designator = "R1" ("R1"); Footprint = "FP-ERJ2RK-IPC_C"; UniqueID = "\KWPFVWXP" ("\KWPFVWXP")
Change component parameters (AddParameter): Name = "Copyright"; Value = "Copyright (C) 2022 Ultra Librarian. All rights reserved."; VariantName = "[No Variations]"
Change component parameters (AddParameter): Name = "Digi-Key_Part_Number_1"; Value = "BR3FB5L00-ND"; VariantName = "[No Variations]"
Change component parameters (AddParameter): Name = "Manufacturer_Part_Number"; Value = "BR3FB5L00"; VariantName = "[No Variations]"
Change component parameters (AddParameter): Name = "Mfr_Name"; Value = "Stackpole International"; VariantName = "[No Variations]"
Change component parameters (AddParameter): Name = "RefDes"; Value = "RefDes"; VariantName = "[No Variations]"
Change component parameters (AddParameter): Name = "Type"; Value = "DEV"; VariantName = "[No Variations]"
Add Component: Footprint Not Found DIPS762W60P254L1016H525Q8N
Add Pin To Net: Unknown Pin: Pin *1-1
Add Pin To Net: Unknown Pin: Pin *1-2
Add Pin To Net: Unknown Pin: Pin *1-3
Add Pin To Net: Unknown Pin: Pin *1-4
Add Pin To Net: Unknown Pin: Pin *1-5
Add Pin To Net: Unknown Pin: Pin *1-6
Add Pin To Net: Unknown Pin: Pin *1-7
Add Pin To Net: Unknown Pin: Pin *1-8
Add Pin To Net: Unknown Pin: Pin *1-9
Add Pin To Net: Unknown Pin: Pin *1-10
Add Pin To Net: Unknown Pin: Pin *1-16
Add Pin To Net: Unknown Pin: Pin *1-17
Add Pin To Net: Unknown Pin: Pin *1-18
Add Pin To Net: Unknown Pin: Pin *1-19
Add Pin To Net: Unknown Pin: Pin *1-20
Add Pin To Net: Unknown Pin: Pin C15-N
Add Pin To Net: Unknown Pin: Pin C15-P
Add Pin To Net: Unknown Pin: Pin D2-+
Add Pin To Net: Unknown Pin: Pin D2--
Add Pin To Net: Unknown Pin: Pin D3-+
Add Pin To Net: Unknown Pin: Pin D3--
Add Pin To Net: Unknown Pin: Pin D4-+
Add Pin To Net: Unknown Pin: Pin D4--
Add Pin To Net: Unknown Pin: Pin D5-+
Add Pin To Net: Unknown Pin: Pin D5--
Add Pin To Net: Unknown Pin: Pin D6-+
Add Pin To Net: Unknown Pin: Pin D6--
Add Pin To Net: Unknown Pin: Pin J3-1
Add Pin To Net: Unknown Pin: Pin J3-2
Add Pin To Net: Unknown Pin: Pin J3-3
Add Pin To Net: Unknown Pin: Pin J3-4
Add Pin To Net: Unknown Pin: Pin J3-5
Add Pin To Net: Unknown Pin: Pin J3-6
Add Pin To Net: Unknown Pin: Pin J3-7
Add Pin To Net: Unknown Pin: Pin J3-8
Add Pin To Net: Unknown Pin: Pin PS1-1
Add Pin To Net: Unknown Pin: Pin PS1-2
Add Pin To Net: Unknown Pin: Pin PS1-3
Add Pin To Net: Unknown Pin: Pin PS2-1
Add Pin To Net: Unknown Pin: Pin PS2-2
Add Pin To Net: Unknown Pin: Pin PS2-3
Add Pin To Net: Unknown Pin: Pin PS3-1
Add Pin To Net: Unknown Pin: Pin PS3-2
Add Pin To Net: Unknown Pin: Pin PS3-3
Add Pin To Net: Unknown Pin: Pin RA1-1
Add Pin To Net: Unknown Pin: Pin RA1-2
Add Pin To Net: Unknown Pin: Pin RA1-3
Add Pin To Net: Unknown Pin: Pin RA1-4
Add Pin To Net: Unknown Pin: Pin TP1-1
Add Pin To Net: Unknown Pin: Pin TP2-1
Add Pin To Net: Unknown Pin: Pin TP3-1
Add Pin To Net: Unknown Pin: Pin TP4-1
Add Pin To Net: Unknown Pin: Pin TP5-1
Add Pin To Net: Unknown Pin: Pin TP6-1
Add Pin To Net: Unknown Pin: Pin TP7-1
Add Pin To Net: Unknown Pin: Pin TP8-1
Add Pin To Net: Unknown Pin: Pin TP9-1
Add Pin To Net: Unknown Pin: Pin TP10-1
Add Pin To Net: Unknown Pin: Pin TP11-1
Add Pin To Net: Unknown Pin: Pin TP12-1
Add Pin To Net: Unknown Pin: Pin TP13-1
Add Pin To Net: Unknown Pin: Pin TP14-1
Add Pin To Net: Unknown Pin: Pin TP15-1
Add Pin To Net: Unknown Pin: Pin TP16-1
Add Pin To Net: Unknown Pin: Pin TP17-1
Add Pin To Net: Unknown Pin: Pin TP18-1
Add Pin To Net: Unknown Pin: Pin TP19-1
Add Pin To Net: Unknown Pin: Pin U1-1
Add Pin To Net: Unknown Pin: Pin U1-2
Add Pin To Net: Unknown Pin: Pin U1-3
Add Pin To Net: Unknown Pin: Pin U1-4
Add Pin To Net: Unknown Pin: Pin U1-5
Add Pin To Net: Unknown Pin: Pin U1-6
Add Pin To Net: Unknown Pin: Pin U1-7
Add Pin To Net: Unknown Pin: Pin U1-8
Add Pin To Net: Unknown Pin: Pin U2-1
Add Pin To Net: Unknown Pin: Pin U2-2
Add Pin To Net: Unknown Pin: Pin U2-3
Add Pin To Net: Unknown Pin: Pin U2-4
Add Pin To Net: Unknown Pin: Pin U2-5
Add Pin To Net: Unknown Pin: Pin U3-1
Add Pin To Net: Unknown Pin: Pin U3-2
Add Pin To Net: Unknown Pin: Pin U3-3
Add Pin To Net: Unknown Pin: Pin U3-4
Add Pin To Net: Unknown Pin: Pin U3-5
Add Pin To Net: Unknown Pin: Pin U6-1
Add Pin To Net: Unknown Pin: Pin U6-2
Add Pin To Net: Unknown Pin: Pin U6-3
Add Pin To Net: Unknown Pin: Pin U6-4
Add Pin To Net: Unknown Pin: Pin U6-5
Add Pin To Net: Unknown Pin: Pin U7-1
Add Pin To Net: Unknown Pin: Pin U7-2
Add Pin To Net: Unknown Pin: Pin U7-3
Add Pin To Net: Unknown Pin: Pin U7-4
Add Pin To Net: Unknown Pin: Pin U7-5
Add Pin To Net: Unknown Pin: Pin U7-6
Add Pin To Net: Unknown Pin: Pin U7-7
Add Pin To Net: Unknown Pin: Pin U7-8
Add Pin To Net: Unknown Pin: Pin U8-1
Add Pin To Net: Unknown Pin: Pin U8-2
Add Pin To Net: Unknown Pin: Pin U8-3
Add Pin To Net: Unknown Pin: Pin U8-4
Add Pin To Net: Unknown Pin: Pin U8-5
Add Pin To Net: Unknown Pin: Pin U8-6
Add Pin To Net: Unknown Pin: Pin U8-7
Add Pin To Net: Unknown Pin: Pin U8-8
Add Class Member: Failed to add class member : Component *1 SN74LVC245A
Add Class Member: Failed to add class member : Component D2 LED
Add Class Member: Failed to add class member : Component D3 LED
Add Class Member: Failed to add class member : Component D4 LED
Add Class Member: Failed to add class member : Component D5 LED
Add Class Member: Failed to add class member : Component D6 LED
Add Class Member: Failed to add class member : Component J3 DILB8P-223TLF
Add Class Member: Failed to add class member : Component PS1 P78E-1000
Add Class Member: Failed to add class member : Component PS2 P78E-1000
Add Class Member: Failed to add class member : Component PS3 P78E-1000
Add Class Member: Failed to add class member : Component RA1 ACASN2001S2001P1AT
Add Class Member: Failed to add class member : Component TP1 Test Point
Add Class Member: Failed to add class member : Component TP2 Test Point
Add Class Member: Failed to add class member : Component TP3 Test Point
Add Class Member: Failed to add class member : Component TP4 Test Point
Add Class Member: Failed to add class member : Component TP5 Test Point
Add Class Member: Failed to add class member : Component TP6 Test Point
Add Class Member: Failed to add class member : Component TP7 Test Point
Add Class Member: Failed to add class member : Component TP8 Test Point
Add Class Member: Failed to add class member : Component TP9 Test Point
Add Class Member: Failed to add class member : Component TP10 Test Point
Add Class Member: Failed to add class member : Component TP11 Test Point
Add Class Member: Failed to add class member : Component TP12 Test Point
Add Class Member: Failed to add class member : Component TP13 Test Point
Add Class Member: Failed to add class member : Component TP14 Test Point
Add Class Member: Failed to add class member : Component TP15 Test Point
Add Class Member: Failed to add class member : Component TP16 Test Point
Add Class Member: Failed to add class member : Component TP17 Test Point
Add Class Member: Failed to add class member : Component TP18 Test Point
Add Class Member: Failed to add class member : Component TP19 Test Point
Add Class Member: Failed to add class member : Component U1 INA155U
Add Class Member: Failed to add class member : Component U2 MCP6001T
Add Class Member: Failed to add class member : Component U3 MCP6001T
Add Class Member: Failed to add class member : Component U6 MCP6001T
Add Class Member: Failed to add class member : Component U7 MLX91221KDC-ABF-050-SP
Add Class Member: Failed to add class member : Component U8 MLX91221KDC-ABF-050-SP
