Removed Pin From Net: NetName=GND Pin=C49-2
Removed Pin From Net: NetName=GND Pin=C50-2
Removed Pin From Net: NetName=GND Pin=C51-2
Removed Pin From Net: NetName=GND Pin=C52-2
Removed Pin From Net: NetName=GND Pin=C54-2
Removed Pin From Net: NetName=GND Pin=C55-2
Removed Pin From Net: NetName=GND Pin=C56-2
Removed Pin From Net: NetName=3.3V Pin=C57-1
Removed Pin From Net: NetName=GND Pin=C57-2
Change Component Footprint: Designator=C49 Old Footprint=FP-0603-L_1_6_0_15-W_0_81-IPC_A New Footprint=CAPC1609X100X15LL20
Change Component Footprint: Designator=C50 Old Footprint=FP-0603-L_1_6_0_15-W_0_81-IPC_A New Footprint=CAPC1609X100X15LL20
Change Component Footprint: Designator=C51 Old Footprint=FP-0603-L_1_6_0_15-W_0_81-IPC_A New Footprint=CAPC1609X100X15LL20
Change Component Footprint: Designator=C52 Old Footprint=FP-0603-L_1_6_0_15-W_0_81-IPC_A New Footprint=CAPC1609X100X15LL20
Change Component Footprint: Designator=C54 Old Footprint=FP-0603-L_1_6_0_15-W_0_81-IPC_A New Footprint=CAPC1609X100X15LL20
Change Component Footprint: Designator=C55 Old Footprint=FP-0603-L_1_6_0_15-W_0_81-IPC_A New Footprint=CAPC1609X100X15LL20
Change Component Footprint: Designator=C56 Old Footprint=FP-0603-L_1_6_0_15-W_0_81-IPC_A New Footprint=CAPC1609X100X15LL20
Change Component Footprint: Designator=C57 Old Footprint=FP-0603-L_1_6_0_15-W_0_81-IPC_A New Footprint=CAPC1609X100X15LL20
Change Footprint: Footprint Not Found FP-ERJ2RK-IPC_C
Change Managed Component Library Link : Designator=C49 Old VaultGUID=B7D15EC3-160A-466F-A46C-7801FE6295A7 New VaultGUID=B7D15EC3-160A-466F-A46C-7801FE6295A7 Old ItemGUID=208F955F-60E5-4621-A2A8-6A1EB957F730 New ItemGUID=95DDB486-72A3-4198-A781-A7670744B25C Old RevisionGUID=4C0D725B-B931-4836-A434-2B2B20CA942D New RevisionGUID=607D2B5E-803C-42BF-A512-8C27CBF53D8F
Change Managed Component Library Link : Designator=C50 Old VaultGUID=B7D15EC3-160A-466F-A46C-7801FE6295A7 New VaultGUID=B7D15EC3-160A-466F-A46C-7801FE6295A7 Old ItemGUID=208F955F-60E5-4621-A2A8-6A1EB957F730 New ItemGUID=95DDB486-72A3-4198-A781-A7670744B25C Old RevisionGUID=4C0D725B-B931-4836-A434-2B2B20CA942D New RevisionGUID=607D2B5E-803C-42BF-A512-8C27CBF53D8F
Change Managed Component Library Link : Designator=C51 Old VaultGUID=B7D15EC3-160A-466F-A46C-7801FE6295A7 New VaultGUID=B7D15EC3-160A-466F-A46C-7801FE6295A7 Old ItemGUID=208F955F-60E5-4621-A2A8-6A1EB957F730 New ItemGUID=95DDB486-72A3-4198-A781-A7670744B25C Old RevisionGUID=4C0D725B-B931-4836-A434-2B2B20CA942D New RevisionGUID=607D2B5E-803C-42BF-A512-8C27CBF53D8F
Change Managed Component Library Link : Designator=C52 Old VaultGUID=B7D15EC3-160A-466F-A46C-7801FE6295A7 New VaultGUID=B7D15EC3-160A-466F-A46C-7801FE6295A7 Old ItemGUID=208F955F-60E5-4621-A2A8-6A1EB957F730 New ItemGUID=95DDB486-72A3-4198-A781-A7670744B25C Old RevisionGUID=4C0D725B-B931-4836-A434-2B2B20CA942D New RevisionGUID=607D2B5E-803C-42BF-A512-8C27CBF53D8F
Change Managed Component Library Link : Designator=C54 Old VaultGUID=B7D15EC3-160A-466F-A46C-7801FE6295A7 New VaultGUID=B7D15EC3-160A-466F-A46C-7801FE6295A7 Old ItemGUID=208F955F-60E5-4621-A2A8-6A1EB957F730 New ItemGUID=95DDB486-72A3-4198-A781-A7670744B25C Old RevisionGUID=4C0D725B-B931-4836-A434-2B2B20CA942D New RevisionGUID=607D2B5E-803C-42BF-A512-8C27CBF53D8F
Change Managed Component Library Link : Designator=C55 Old VaultGUID=B7D15EC3-160A-466F-A46C-7801FE6295A7 New VaultGUID=B7D15EC3-160A-466F-A46C-7801FE6295A7 Old ItemGUID=208F955F-60E5-4621-A2A8-6A1EB957F730 New ItemGUID=95DDB486-72A3-4198-A781-A7670744B25C Old RevisionGUID=4C0D725B-B931-4836-A434-2B2B20CA942D New RevisionGUID=607D2B5E-803C-42BF-A512-8C27CBF53D8F
Change Managed Component Library Link : Designator=C56 Old VaultGUID=B7D15EC3-160A-466F-A46C-7801FE6295A7 New VaultGUID=B7D15EC3-160A-466F-A46C-7801FE6295A7 Old ItemGUID=208F955F-60E5-4621-A2A8-6A1EB957F730 New ItemGUID=95DDB486-72A3-4198-A781-A7670744B25C Old RevisionGUID=4C0D725B-B931-4836-A434-2B2B20CA942D New RevisionGUID=607D2B5E-803C-42BF-A512-8C27CBF53D8F
Change Managed Component Library Link : Designator=C57 Old VaultGUID=B7D15EC3-160A-466F-A46C-7801FE6295A7 New VaultGUID=B7D15EC3-160A-466F-A46C-7801FE6295A7 Old ItemGUID=208F955F-60E5-4621-A2A8-6A1EB957F730 New ItemGUID=95DDB486-72A3-4198-A781-A7670744B25C Old RevisionGUID=4C0D725B-B931-4836-A434-2B2B20CA942D New RevisionGUID=607D2B5E-803C-42BF-A512-8C27CBF53D8F
Change component parameters: Designator = "C49" ("C49"); Footprint = "FP-0603-L_1_6_0_15-W_0_81-IPC_A"; UniqueID = "\DCCOHZLV" ("\DCCOHZLV")
Change component parameters (AddParameter): Name = "Manufacturer"; Value = "AVX Interconnect / Elco"; VariantName = "[No Variations]"
Change component parameters (AddParameter): Name = "Part Number"; Value = "TACL105M006XTA"; VariantName = "[No Variations]"
Change component parameters: Designator = "C50" ("C50"); Footprint = "FP-0603-L_1_6_0_15-W_0_81-IPC_A"; UniqueID = "\LDRTIBNP" ("\LDRTIBNP")
Change component parameters (AddParameter): Name = "Manufacturer"; Value = "AVX Interconnect / Elco"; VariantName = "[No Variations]"
Change component parameters (AddParameter): Name = "Part Number"; Value = "TACL105M006XTA"; VariantName = "[No Variations]"
Change component parameters: Designator = "C51" ("C51"); Footprint = "FP-0603-L_1_6_0_15-W_0_81-IPC_A"; UniqueID = "\ADYETHTJ" ("\ADYETHTJ")
Change component parameters (AddParameter): Name = "Manufacturer"; Value = "AVX Interconnect / Elco"; VariantName = "[No Variations]"
Change component parameters (AddParameter): Name = "Part Number"; Value = "TACL105M006XTA"; VariantName = "[No Variations]"
Change component parameters: Designator = "C52" ("C52"); Footprint = "FP-0603-L_1_6_0_15-W_0_81-IPC_A"; UniqueID = "\OVBPJVUD" ("\OVBPJVUD")
Change component parameters (AddParameter): Name = "Manufacturer"; Value = "AVX Interconnect / Elco"; VariantName = "[No Variations]"
Change component parameters (AddParameter): Name = "Part Number"; Value = "TACL105M006XTA"; VariantName = "[No Variations]"
Change component parameters: Designator = "C54" ("C54"); Footprint = "FP-0603-L_1_6_0_15-W_0_81-IPC_A"; UniqueID = "\NNBHOCKA" ("\NNBHOCKA")
Change component parameters (AddParameter): Name = "Manufacturer"; Value = "AVX Interconnect / Elco"; VariantName = "[No Variations]"
Change component parameters (AddParameter): Name = "Part Number"; Value = "TACL105M006XTA"; VariantName = "[No Variations]"
Change component parameters: Designator = "C55" ("C55"); Footprint = "FP-0603-L_1_6_0_15-W_0_81-IPC_A"; UniqueID = "\DGSCZGAC" ("\DGSCZGAC")
Change component parameters (AddParameter): Name = "Manufacturer"; Value = "AVX Interconnect / Elco"; VariantName = "[No Variations]"
Change component parameters (AddParameter): Name = "Part Number"; Value = "TACL105M006XTA"; VariantName = "[No Variations]"
Change component parameters: Designator = "C56" ("C56"); Footprint = "FP-0603-L_1_6_0_15-W_0_81-IPC_A"; UniqueID = "\JGFPGUXB" ("\JGFPGUXB")
Change component parameters (AddParameter): Name = "Manufacturer"; Value = "AVX Interconnect / Elco"; VariantName = "[No Variations]"
Change component parameters (AddParameter): Name = "Part Number"; Value = "TACL105M006XTA"; VariantName = "[No Variations]"
Change component parameters: Designator = "C57" ("C57"); Footprint = "FP-0603-L_1_6_0_15-W_0_81-IPC_A"; UniqueID = "\BCAJQRQL" ("\BCAJQRQL")
Change component parameters (AddParameter): Name = "Manufacturer"; Value = "AVX Interconnect / Elco"; VariantName = "[No Variations]"
Change component parameters (AddParameter): Name = "Part Number"; Value = "TACL105M006XTA"; VariantName = "[No Variations]"
Added Pin To Net: NetName=GND Pin=C49-1
Added Pin To Net: NetName=GND Pin=C50-1
Added Pin To Net: NetName=GND Pin=C51-1
Added Pin To Net: NetName=GND Pin=C52-1
Added Pin To Net: NetName=GND Pin=C54-1
Added Pin To Net: NetName=GND Pin=C55-1
Added Pin To Net: NetName=GND Pin=C56-1
Added Pin To Net: NetName=GND Pin=C57-1
Added Pin To Net: NetName=3.3V Pin=C57-2
Added Pin To Net: NetName=NetC49_2 Pin=C49-2
Added Pin To Net: NetName=NetC49_2 Pin=R26-1
Added Pin To Net: NetName=NetC49_2 Pin=U10-24
Added Net: Name=NetC49_2
Added Pin To Net: NetName=NetC50_2 Pin=C50-2
Added Pin To Net: NetName=NetC50_2 Pin=R27-1
Added Pin To Net: NetName=NetC50_2 Pin=U10-26
Added Net: Name=NetC50_2
Added Pin To Net: NetName=NetC51_2 Pin=C51-2
Added Pin To Net: NetName=NetC51_2 Pin=R28-1
Added Pin To Net: NetName=NetC51_2 Pin=U10-27
Added Net: Name=NetC51_2
Added Pin To Net: NetName=NetC52_2 Pin=C52-2
Added Pin To Net: NetName=NetC52_2 Pin=R29-1
Added Pin To Net: NetName=NetC52_2 Pin=U10-28
Added Net: Name=NetC52_2
Added Pin To Net: NetName=NetC54_2 Pin=C54-2
Added Pin To Net: NetName=NetC54_2 Pin=C55-2
Added Pin To Net: NetName=NetC54_2 Pin=C56-2
Added Pin To Net: NetName=NetC54_2 Pin=R30-1
Added Pin To Net: NetName=NetC54_2 Pin=R31-1
Added Pin To Net: NetName=NetC54_2 Pin=R32-1
Added Pin To Net: NetName=NetC54_2 Pin=U10-64
Added Pin To Net: NetName=NetC54_2 Pin=U10-66
Added Pin To Net: NetName=NetC54_2 Pin=U10-68
Added Net: Name=NetC54_2
