Removed Pin From Net: NetName=GND Pin=L1-1
Removed Pin From Net: NetName=GND Pin=L1-2
Removed Pin From Net: NetName=GND Pin=L1-3
Removed Pin From Net: NetName=GND Pin=L1-4
Removed Pin From Net: NetName=GND Pin=L1-5
Removed Pin From Net: NetName=24V Pin=L1-6
Removed Pin From Net: NetName=24V Pin=L1-7
Removed Pin From Net: NetName=24V Pin=L1-8
Removed Pin From Net: NetName=GND Pin=L1-12
Removed Pin From Net: NetName=GND Pin=L1-13
Removed Pin From Net: NetName=GND Pin=L1-14
Removed Pin From Net: NetName=GND Pin=L1-15
Removed Pin From Net: NetName=GND Pin=L1-16
Removed Member From Class: ClassName=Boostconverter Member=L1
Added Component: Designator=B?(B66366B1018T001)
Add component (AddParameter): Name = "Datasheet Link"; Value = "http://uk.rs-online.com/web/p/products/1620179"; VariantName = "[No Variations]"
Add component (AddParameter): Name = "Height"; Value = "38.4mm"; VariantName = "[No Variations]"
Add component (AddParameter): Name = "Manufacturer_Name"; Value = "EPCOS"; VariantName = "[No Variations]"
Add component (AddParameter): Name = "Manufacturer_Part_Number"; Value = "B66366B1018T001"; VariantName = "[No Variations]"
Add component (AddParameter): Name = "Mouser Part Number"; Value = ""; VariantName = "[No Variations]"
Add component (AddParameter): Name = "Mouser Price/Stock"; Value = ""; VariantName = "[No Variations]"
Add component (AddParameter): Name = "RS Part Number"; Value = "1620179"; VariantName = "[No Variations]"
Add component (AddParameter): Name = "RS Price/Stock"; Value = "http://uk.rs-online.com/web/p/products/1620179"; VariantName = "[No Variations]"
Added Pin To Net: NetName=GND Pin=B?-1
Added Pin To Net: NetName=GND Pin=B?-2
Added Pin To Net: NetName=GND Pin=B?-3
Added Pin To Net: NetName=GND Pin=B?-4
Added Pin To Net: NetName=GND Pin=B?-5
Added Pin To Net: NetName=GND Pin=B?-6
Added Pin To Net: NetName=24V Pin=B?-7
Added Pin To Net: NetName=24V Pin=B?-8
Added Pin To Net: NetName=24V Pin=B?-9
Added Pin To Net: NetName=GND Pin=B?-13
Added Pin To Net: NetName=GND Pin=B?-14
Added Pin To Net: NetName=GND Pin=B?-15
Added Pin To Net: NetName=GND Pin=B?-16
Added Pin To Net: NetName=GND Pin=B?-17
Added Pin To Net: NetName=GND Pin=B?-18
Add Pin To Net: Unknown Pin: Pin H1-1
Add Pin To Net: Unknown Pin: Pin H2-1
Add Pin To Net: Unknown Pin: Pin H3-1
Add Pin To Net: Unknown Pin: Pin H4-1
Added Pin To Net: NetName=NetB?_10 Pin=B?-10
Added Pin To Net: NetName=NetB?_10 Pin=B?-11
Added Pin To Net: NetName=NetB?_10 Pin=B?-12
Added Pin To Net: NetName=NetB?_10 Pin=Q1-2
Added Pin To Net: NetName=NetB?_10 Pin=Q2-2
Added Net: Name=NetB?_10
Added Member To Class: ClassName=Boostconverter Member=Component B? B66366B1018T001
