Change Component Designator: Old Designator=P2 New Designator=P3
Change Component Designator: Old Designator=P? New Designator=P2
Change Component Designator: Old Designator=R21 New Designator=R26
Change Component Designator: Old Designator=R22 New Designator=R27
Change Component Designator: Old Designator=R23 New Designator=R28
Change Component Designator: Old Designator=R24 New Designator=R29
Change Component Designator: Old Designator=R25 New Designator=R30
Change Component Designator: Old Designator=R26 New Designator=R31
Change Component Designator: Old Designator=R27 New Designator=R32
Change Component Designator: Old Designator=R28 New Designator=R33
Change Component Designator: Old Designator=R29 New Designator=R34
Change Component Designator: Old Designator=R? New Designator=R35
Change Component Designator: Old Designator=R? New Designator=R36
Change Component Designator: Old Designator=R? New Designator=R37
Change Component Designator: Old Designator=TP? New Designator=TP13
Change Component Designator: Old Designator=TP? New Designator=TP14
Change Component Designator: Old Designator=TP? New Designator=TP15
Change Component Designator: Old Designator=TP? New Designator=TP16
Change Component Designator: Old Designator=TP? New Designator=TP17
Change Component Designator: Old Designator=TP? New Designator=TP18
Change Component Designator: Old Designator=TP? New Designator=TP19
