Removed Pin From Net: NetName=NetC54_2 Pin=C55-2
Removed Pin From Net: NetName=NetC54_2 Pin=C56-2
Removed Pin From Net: NetName=NetC54_2 Pin=R31-1
Removed Pin From Net: NetName=NetC54_2 Pin=R32-1
Removed Pin From Net: NetName=NetC54_2 Pin=U11-66
Removed Pin From Net: NetName=NetC54_2 Pin=U11-68
Change Component Designator: OldDesignator=B1 NewDesignator=B?
Add Pin To Net: Unknown Pin: Pin H1-1
Add Pin To Net: Unknown Pin: Pin H2-1
Add Pin To Net: Unknown Pin: Pin H3-1
Add Pin To Net: Unknown Pin: Pin H4-1
Added Pin To Net: NetName=NetC55_2 Pin=C55-2
Added Pin To Net: NetName=NetC55_2 Pin=R31-1
Added Pin To Net: NetName=NetC55_2 Pin=U11-66
Added Net: Name=NetC55_2
Added Pin To Net: NetName=NetC56_2 Pin=C56-2
Added Pin To Net: NetName=NetC56_2 Pin=R32-1
Added Pin To Net: NetName=NetC56_2 Pin=U11-68
Added Net: Name=NetC56_2
Added Member To Class: ClassName=Boostconverter Member=Component B? B66366B1018T001
Added Member To Class: ClassName=Inverter Member=Component C43 1nF
Added Room: Name=Boostconverter
Added Room: Name=Inverter
Added Room: Name=MCU
