Removed Pin From Net: NetName=GND Pin=B1-6
Removed Pin From Net: NetName=24Vinductor Pin=B1-9
Removed Pin From Net: NetName=NetB1_10 Pin=B1-12
Removed Pin From Net: NetName=GND Pin=B1-17
Removed Pin From Net: NetName=GND Pin=B1-18
Change Footprint: Footprint Not Found B66364B1016T001
Change Component Comment : Designator=B1 Old Comment=B66366B1018T001 New Comment=B66364B1016T001
Change component parameters: Designator = "B1" ("B1"); Footprint = "B66366B1018T001"; UniqueID = "\JCHQINOW" ("\JCHQINOW")
Change component parameters (AddParameter): Name = "Datasheet Link"; Value = "https://componentsearchengine.com/Datasheets/1/B66364B1016T001.pdf"; VariantName = "[No Variations]"
Change component parameters (AddParameter): Name = "Height"; Value = "35.5mm"; VariantName = "[No Variations]"
Change component parameters (AddParameter): Name = "Manufacturer_Name"; Value = "EPCOS"; VariantName = "[No Variations]"
Change component parameters (AddParameter): Name = "Manufacturer_Part_Number"; Value = "B66364B1016T001"; VariantName = "[No Variations]"
Change component parameters (AddParameter): Name = "Mouser2 Part Number"; Value = "871-B66364B1016T001"; VariantName = "[No Variations]"
Change component parameters (AddParameter): Name = "Mouser2 Price/Stock"; Value = "https://www.mouser.com/Search/Refine.aspx?Keyword=871-B66364B1016T001"; VariantName = "[No Variations]"
Added Pin To Net: NetName=24Vinductor Pin=B1-6
Added Pin To Net: NetName=NetB1_10 Pin=B1-9
Added Pin To Net: NetName=GND Pin=B1-12
Add Pin To Net: Unknown Pin: Pin H1-1
Add Pin To Net: Unknown Pin: Pin H2-1
Add Pin To Net: Unknown Pin: Pin H3-1
Add Pin To Net: Unknown Pin: Pin H4-1
Change Net Name : Old Net Name=NetB1_10 New Net Name=NetB1_9
Added Room: Name=Boostconverter
Added Room: Name=Inverter
Added Room: Name=MCU
Added Room: Name=Power
